#
# There is insufficient memory for the Java Runtime Environment to continue.
# Native memory allocation (malloc) failed to allocate 131088 bytes for Chunk::new
# Possible reasons:
#   The system is out of physical RAM or swap space
#   The process is running with CompressedOops enabled, and the Java Heap may be blocking the growth of the native heap
# Possible solutions:
#   Reduce memory load on the system
#   Increase physical memory or swap space
#   Check if swap backing store is full
#   Decrease Java heap size (-Xmx/-Xms)
#   Decrease number of Java threads
#   Decrease Java thread stack sizes (-Xss)
#   Set larger code cache with -XX:ReservedCodeCacheSize=
#   JVM is running with Unscaled Compressed Oops mode in which the Java heap is
#     placed in the first 4GB address space. The Java Heap base address is the
#     maximum limit for the native heap growth. Please use -XX:HeapBaseMinAddress
#     to set the Java Heap base and to place the Java Heap above 4GB virtual address.
# This output file may be truncated or incomplete.
#
#  Out of Memory Error (allocation.cpp:389), pid=7444, tid=0x00000000000019ec
#
# JRE version: OpenJDK Runtime Environment (8.0_242-b01) (build 1.8.0_242-release-1644-b01)
# Java VM: OpenJDK 64-Bit Server VM (25.242-b01 mixed mode windows-amd64 compressed oops)
# Failed to write core dump. Minidumps are not enabled by default on client versions of Windows
#

---------------  T H R E A D  ---------------

Current thread (0x0000000017046800):  JavaThread "C2 CompilerThread1" daemon [_thread_in_native, id=6636, stack(0x00000000187d0000,0x00000000188d0000)]

Stack: [0x00000000187d0000,0x00000000188d0000]
[error occurred during error reporting (printing stack bounds), id 0xc0000005]

Native frames: (J=compiled Java code, j=interpreted, Vv=VM code, C=native code)


Current CompileTask:
C2: 118197 2021   !   4       java.net.URL::<init> (543 bytes)


---------------  P R O C E S S  ---------------

Java Threads: ( => current thread )
  0x0000000017050800 JavaThread "Cache worker for cache directory md-rule (C:\Users\AsmaRachid\.gradle\caches\6.5\md-rule)" [_thread_blocked, id=1588, stack(0x0000000020980000,0x0000000020a80000)]
  0x000000001704f000 JavaThread "Cache worker for cache directory md-supplier (C:\Users\AsmaRachid\.gradle\caches\6.5\md-supplier)" [_thread_blocked, id=6456, stack(0x0000000020880000,0x0000000020980000)]
  0x0000000017050000 JavaThread "Cache worker for checksums cache (D:\AndroidStudioProjects\AndroidProject\.gradle\checksums)" [_thread_blocked, id=10352, stack(0x0000000020780000,0x0000000020880000)]
  0x000000001704e800 JavaThread "Cache worker for file hash cache (D:\AndroidStudioProjects\AndroidProject\.gradle\6.5\fileHashes)" [_thread_blocked, id=3100, stack(0x000000001f3c0000,0x000000001f4c0000)]
  0x0000000017051800 JavaThread "Cache worker for file hash cache (C:\Users\AsmaRachid\.gradle\caches\6.5\fileHashes)" [_thread_blocked, id=7104, stack(0x000000001eec0000,0x000000001efc0000)]
  0x000000001704d000 JavaThread "File lock request listener" [_thread_in_native, id=4400, stack(0x000000001edc0000,0x000000001eec0000)]
  0x000000001db84000 JavaThread "Cache worker for journal cache (C:\Users\AsmaRachid\.gradle\caches\journal-1)" [_thread_blocked, id=10836, stack(0x000000001ebc0000,0x000000001ecc0000)]
  0x0000000018d35000 JavaThread "Thread-9" [_thread_blocked, id=1148, stack(0x000000001b950000,0x000000001ba50000)]
  0x0000000018d32800 JavaThread "Stdin handler" [_thread_blocked, id=6892, stack(0x000000001b850000,0x000000001b950000)]
  0x000000001a1ff800 JavaThread "Asynchronous log dispatcher for DefaultDaemonConnection: socket connection from /127.0.0.1:52679 to /127.0.0.1:52681" [_thread_blocked, id=7596, stack(0x000000001b750000,0x000000001b850000)]
  0x000000001a162800 JavaThread "Daemon worker" [_thread_in_vm, id=4480, stack(0x000000001b650000,0x000000001b750000)]
  0x0000000019f63800 JavaThread "Cancel handler" [_thread_blocked, id=8060, stack(0x000000001b550000,0x000000001b650000)]
  0x0000000019678000 JavaThread "Handler for socket connection from /127.0.0.1:52679 to /127.0.0.1:52681" [_thread_in_native, id=5836, stack(0x000000001b450000,0x000000001b550000)]
  0x0000000019752800 JavaThread "Daemon" [_thread_blocked, id=8816, stack(0x000000001b350000,0x000000001b450000)]
  0x0000000017085800 JavaThread "Daemon periodic checks" [_thread_blocked, id=10848, stack(0x000000001b050000,0x000000001b150000)]
  0x0000000017082800 JavaThread "Incoming local TCP Connector on port 52679" [_thread_in_native, id=1536, stack(0x000000001ade0000,0x000000001aee0000)]
  0x00000000194f2000 JavaThread "Daemon health stats" [_thread_blocked, id=9348, stack(0x000000001a9a0000,0x000000001aaa0000)]
  0x000000001708c000 JavaThread "Service Thread" daemon [_thread_blocked, id=7828, stack(0x0000000018dd0000,0x0000000018ed0000)]
  0x000000001704d800 JavaThread "C1 CompilerThread2" daemon [_thread_blocked, id=7608, stack(0x00000000188d0000,0x00000000189d0000)]
=>0x0000000017046800 JavaThread "C2 CompilerThread1" daemon [_thread_in_native, id=6636, stack(0x00000000187d0000,0x00000000188d0000)]
  0x0000000017038800 JavaThread "C2 CompilerThread0" daemon [_thread_in_native, id=10288, stack(0x00000000186d0000,0x00000000187d0000)]
  0x0000000017036000 JavaThread "Attach Listener" daemon [_thread_blocked, id=10916, stack(0x00000000185d0000,0x00000000186d0000)]
  0x0000000017033000 JavaThread "Signal Dispatcher" daemon [_thread_blocked, id=10076, stack(0x00000000184d0000,0x00000000185d0000)]
  0x000000000240c000 JavaThread "Finalizer" daemon [_thread_blocked, id=9884, stack(0x00000000182a0000,0x00000000183a0000)]
  0x0000000017019000 JavaThread "Reference Handler" daemon [_thread_blocked, id=10236, stack(0x00000000181a0000,0x00000000182a0000)]
  0x0000000002312800 JavaThread "main" [_thread_blocked, id=7284, stack(0x00000000021d0000,0x00000000022d0000)]

Other Threads:
  0x0000000016ff7800 VMThread [stack: 0x00000000180a0000,0x00000000181a0000] [id=2148]
  0x0000000018a1a000 WatcherThread [stack: 0x0000000018ed0000,0x0000000018fd0000] [id=7056]

VM state:synchronizing (normal execution)

VM Mutex/Monitor currently owned by a thread:  ([mutex/lock_event])
[0x00000000021ce5f0] Threads_lock - owner thread: 0x0000000016ff7800

heap address: 0x0000000080000000, size: 2048 MB, Compressed Oops mode: 32-bit
Narrow klass base: 0x0000000000000000, Narrow klass shift: 3
Compressed class space size: 1073741824 Address: 0x0000000100000000

Heap:
 PSYoungGen      total 69120K, used 32082K [0x00000000d5580000, 0x00000000de200000, 0x0000000100000000)
  eden space 61440K, 52% used [0x00000000d5580000,0x00000000d74d4be8,0x00000000d9180000)
  from space 7680K, 0% used [0x00000000dda80000,0x00000000dda80000,0x00000000de200000)
  to   space 9728K, 0% used [0x00000000dcf00000,0x00000000dcf00000,0x00000000dd880000)
 ParOldGen       total 40448K, used 14354K [0x0000000080000000, 0x0000000082780000, 0x00000000d5580000)
  object space 40448K, 35% used [0x0000000080000000,0x0000000080e04bc8,0x0000000082780000)
 Metaspace       used 22490K, capacity 23328K, committed 23424K, reserved 1069056K
  class space    used 3172K, capacity 3373K, committed 3456K, reserved 1048576K

Card table byte_map: [0x00000000117d0000,0x0000000011be0000] byte_map_base: 0x00000000113d0000

Marking Bits: (ParMarkBitMap*) 0x00000000596af030
 Begin Bits: [0x0000000012290000, 0x0000000014290000)
 End Bits:   [0x0000000014290000, 0x0000000016290000)

Polling page: 0x0000000002130000

CodeCache: size=245760Kb used=6343Kb max_used=6344Kb free=239416Kb
 bounds [0x0000000002410000, 0x0000000002a50000, 0x0000000011410000]
 total_blobs=2264 nmethods=1837 adapters=340
 compilation: enabled

Compilation events (10 events):
Event: 117.428 Thread 0x000000001704d800 2017       3       java.util.HashMap$Values::iterator (12 bytes)
Event: 117.429 Thread 0x000000001704d800 nmethod 2017 0x0000000002a459d0 code [0x0000000002a45b40, 0x0000000002a45da8]
Event: 117.429 Thread 0x000000001704d800 2018       3       java.lang.Class::forName (15 bytes)
Event: 117.429 Thread 0x000000001704d800 nmethod 2018 0x0000000002a45450 code [0x0000000002a455e0, 0x0000000002a458b8]
Event: 117.689 Thread 0x000000001704d800 2019       3       com.google.common.base.Preconditions::checkArgument (28 bytes)
Event: 117.689 Thread 0x000000001704d800 nmethod 2019 0x0000000002a44910 code [0x0000000002a44ac0, 0x0000000002a450d8]
Event: 117.689 Thread 0x000000001704d800 2020       3       com.google.common.io.BaseEncoding$Alphabet::encode (7 bytes)
Event: 117.690 Thread 0x000000001704d800 nmethod 2020 0x0000000002a44550 code [0x0000000002a446a0, 0x0000000002a44830]
Event: 117.697 Thread 0x0000000017046800 2021   !   4       java.net.URL::<init> (543 bytes)
Event: 117.765 Thread 0x0000000017038800 2022       4       java.util.concurrent.locks.ReentrantLock$NonfairSync::tryAcquire (6 bytes)

GC Heap History (10 events):
Event: 33.898 GC heap before
{Heap before GC invocations=3 (full 0):
 PSYoungGen      total 34304K, used 34301K [0x00000000d5580000, 0x00000000d7980000, 0x0000000100000000)
  eden space 31744K, 100% used [0x00000000d5580000,0x00000000d7480000,0x00000000d7480000)
  from space 2560K, 99% used [0x00000000d7700000,0x00000000d797f718,0x00000000d7980000)
  to   space 2560K, 0% used [0x00000000d7480000,0x00000000d7480000,0x00000000d7700000)
 ParOldGen       total 42496K, used 1156K [0x0000000080000000, 0x0000000082980000, 0x00000000d5580000)
  object space 42496K, 2% used [0x0000000080000000,0x0000000080121118,0x0000000082980000)
 Metaspace       used 7740K, capacity 8040K, committed 8320K, reserved 1056768K
  class space    used 938K, capacity 1039K, committed 1152K, reserved 1048576K
Event: 33.905 GC heap after
Heap after GC invocations=3 (full 0):
 PSYoungGen      total 34304K, used 2560K [0x00000000d5580000, 0x00000000d9880000, 0x0000000100000000)
  eden space 31744K, 0% used [0x00000000d5580000,0x00000000d5580000,0x00000000d7480000)
  from space 2560K, 100% used [0x00000000d7480000,0x00000000d7700000,0x00000000d7700000)
  to   space 2560K, 0% used [0x00000000d9600000,0x00000000d9600000,0x00000000d9880000)
 ParOldGen       total 42496K, used 1759K [0x0000000080000000, 0x0000000082980000, 0x00000000d5580000)
  object space 42496K, 4% used [0x0000000080000000,0x00000000801b7d58,0x0000000082980000)
 Metaspace       used 7740K, capacity 8040K, committed 8320K, reserved 1056768K
  class space    used 938K, capacity 1039K, committed 1152K, reserved 1048576K
}
Event: 69.481 GC heap before
{Heap before GC invocations=4 (full 0):
 PSYoungGen      total 34304K, used 34304K [0x00000000d5580000, 0x00000000d9880000, 0x0000000100000000)
  eden space 31744K, 100% used [0x00000000d5580000,0x00000000d7480000,0x00000000d7480000)
  from space 2560K, 100% used [0x00000000d7480000,0x00000000d7700000,0x00000000d7700000)
  to   space 2560K, 0% used [0x00000000d9600000,0x00000000d9600000,0x00000000d9880000)
 ParOldGen       total 42496K, used 1759K [0x0000000080000000, 0x0000000082980000, 0x00000000d5580000)
  object space 42496K, 4% used [0x0000000080000000,0x00000000801b7d58,0x0000000082980000)
 Metaspace       used 11128K, capacity 11438K, committed 11648K, reserved 1058816K
  class space    used 1463K, capacity 1576K, committed 1664K, reserved 1048576K
Event: 69.490 GC heap after
Heap after GC invocations=4 (full 0):
 PSYoungGen      total 66048K, used 2544K [0x00000000d5580000, 0x00000000d9880000, 0x0000000100000000)
  eden space 63488K, 0% used [0x00000000d5580000,0x00000000d5580000,0x00000000d9380000)
  from space 2560K, 99% used [0x00000000d9600000,0x00000000d987c010,0x00000000d9880000)
  to   space 2560K, 0% used [0x00000000d9380000,0x00000000d9380000,0x00000000d9600000)
 ParOldGen       total 42496K, used 4827K [0x0000000080000000, 0x0000000082980000, 0x00000000d5580000)
  object space 42496K, 11% used [0x0000000080000000,0x00000000804b6fd0,0x0000000082980000)
 Metaspace       used 11128K, capacity 11438K, committed 11648K, reserved 1058816K
  class space    used 1463K, capacity 1576K, committed 1664K, reserved 1048576K
}
Event: 91.682 GC heap before
{Heap before GC invocations=5 (full 0):
 PSYoungGen      total 66048K, used 66032K [0x00000000d5580000, 0x00000000d9880000, 0x0000000100000000)
  eden space 63488K, 100% used [0x00000000d5580000,0x00000000d9380000,0x00000000d9380000)
  from space 2560K, 99% used [0x00000000d9600000,0x00000000d987c010,0x00000000d9880000)
  to   space 2560K, 0% used [0x00000000d9380000,0x00000000d9380000,0x00000000d9600000)
 ParOldGen       total 42496K, used 4827K [0x0000000080000000, 0x0000000082980000, 0x00000000d5580000)
  object space 42496K, 11% used [0x0000000080000000,0x00000000804b6fd0,0x0000000082980000)
 Metaspace       used 16953K, capacity 17578K, committed 17920K, reserved 1064960K
  class space    used 2284K, capacity 2468K, committed 2560K, reserved 1048576K
Event: 91.693 GC heap after
Heap after GC invocations=5 (full 0):
 PSYoungGen      total 66048K, used 2544K [0x00000000d5580000, 0x00000000de380000, 0x0000000100000000)
  eden space 63488K, 0% used [0x00000000d5580000,0x00000000d5580000,0x00000000d9380000)
  from space 2560K, 99% used [0x00000000d9380000,0x00000000d95fc010,0x00000000d9600000)
  to   space 9216K, 0% used [0x00000000dda80000,0x00000000dda80000,0x00000000de380000)
 ParOldGen       total 42496K, used 10817K [0x0000000080000000, 0x0000000082980000, 0x00000000d5580000)
  object space 42496K, 25% used [0x0000000080000000,0x0000000080a90538,0x0000000082980000)
 Metaspace       used 16953K, capacity 17578K, committed 17920K, reserved 1064960K
  class space    used 2284K, capacity 2468K, committed 2560K, reserved 1048576K
}
Event: 109.281 GC heap before
{Heap before GC invocations=6 (full 0):
 PSYoungGen      total 66048K, used 46473K [0x00000000d5580000, 0x00000000de380000, 0x0000000100000000)
  eden space 63488K, 69% used [0x00000000d5580000,0x00000000d8066438,0x00000000d9380000)
  from space 2560K, 99% used [0x00000000d9380000,0x00000000d95fc010,0x00000000d9600000)
  to   space 9216K, 0% used [0x00000000dda80000,0x00000000dda80000,0x00000000de380000)
 ParOldGen       total 42496K, used 10817K [0x0000000080000000, 0x0000000082980000, 0x00000000d5580000)
  object space 42496K, 25% used [0x0000000080000000,0x0000000080a90538,0x0000000082980000)
 Metaspace       used 20553K, capacity 21202K, committed 21248K, reserved 1067008K
  class space    used 2865K, capacity 3046K, committed 3072K, reserved 1048576K
Event: 109.294 GC heap after
Heap after GC invocations=6 (full 0):
 PSYoungGen      total 69120K, used 7449K [0x00000000d5580000, 0x00000000de200000, 0x0000000100000000)
  eden space 61440K, 0% used [0x00000000d5580000,0x00000000d5580000,0x00000000d9180000)
  from space 7680K, 97% used [0x00000000dda80000,0x00000000de1c66b0,0x00000000de200000)
  to   space 9728K, 0% used [0x00000000dcf00000,0x00000000dcf00000,0x00000000dd880000)
 ParOldGen       total 42496K, used 10825K [0x0000000080000000, 0x0000000082980000, 0x00000000d5580000)
  object space 42496K, 25% used [0x0000000080000000,0x0000000080a92538,0x0000000082980000)
 Metaspace       used 20553K, capacity 21202K, committed 21248K, reserved 1067008K
  class space    used 2865K, capacity 3046K, committed 3072K, reserved 1048576K
}
Event: 109.294 GC heap before
{Heap before GC invocations=7 (full 1):
 PSYoungGen      total 69120K, used 7449K [0x00000000d5580000, 0x00000000de200000, 0x0000000100000000)
  eden space 61440K, 0% used [0x00000000d5580000,0x00000000d5580000,0x00000000d9180000)
  from space 7680K, 97% used [0x00000000dda80000,0x00000000de1c66b0,0x00000000de200000)
  to   space 9728K, 0% used [0x00000000dcf00000,0x00000000dcf00000,0x00000000dd880000)
 ParOldGen       total 42496K, used 10825K [0x0000000080000000, 0x0000000082980000, 0x00000000d5580000)
  object space 42496K, 25% used [0x0000000080000000,0x0000000080a92538,0x0000000082980000)
 Metaspace       used 20553K, capacity 21202K, committed 21248K, reserved 1067008K
  class space    used 2865K, capacity 3046K, committed 3072K, reserved 1048576K
Event: 109.620 GC heap after
Heap after GC invocations=7 (full 1):
 PSYoungGen      total 69120K, used 0K [0x00000000d5580000, 0x00000000de200000, 0x0000000100000000)
  eden space 61440K, 0% used [0x00000000d5580000,0x00000000d5580000,0x00000000d9180000)
  from space 7680K, 0% used [0x00000000dda80000,0x00000000dda80000,0x00000000de200000)
  to   space 9728K, 0% used [0x00000000dcf00000,0x00000000dcf00000,0x00000000dd880000)
 ParOldGen       total 40448K, used 14354K [0x0000000080000000, 0x0000000082780000, 0x00000000d5580000)
  object space 40448K, 35% used [0x0000000080000000,0x0000000080e04bc8,0x0000000082780000)
 Metaspace       used 20553K, capacity 21202K, committed 21248K, reserved 1067008K
  class space    used 2865K, capacity 3046K, committed 3072K, reserved 1048576K
}

Deoptimization events (10 events):
Event: 91.780 Thread 0x000000001a162800 Uncommon trap: reason=unstable_if action=reinterpret pc=0x0000000002699a04 method=java.util.HashMap.getNode(ILjava/lang/Object;)Ljava/util/HashMap$Node; @ 129
Event: 91.780 Thread 0x000000001a162800 Uncommon trap: reason=bimorphic action=maybe_recompile pc=0x000000000265d474 method=java.util.HashMap.putVal(ILjava/lang/Object;Ljava/lang/Object;ZZ)Ljava/lang/Object; @ 203
Event: 91.782 Thread 0x000000001a162800 Uncommon trap: reason=unstable_if action=reinterpret pc=0x0000000002698350 method=java.util.HashMap.getNode(ILjava/lang/Object;)Ljava/util/HashMap$Node; @ 129
Event: 91.782 Thread 0x000000001a162800 Uncommon trap: reason=bimorphic action=maybe_recompile pc=0x000000000265d474 method=java.util.HashMap.putVal(ILjava/lang/Object;Ljava/lang/Object;ZZ)Ljava/lang/Object; @ 203
Event: 94.991 Thread 0x000000001a162800 Uncommon trap: reason=unstable_if action=reinterpret pc=0x00000000028e290c method=java.util.jar.Attributes$Name.isDigit(C)Z @ 3
Event: 100.095 Thread 0x000000001a162800 Uncommon trap: reason=unstable_if action=reinterpret pc=0x00000000025dd848 method=java.net.URI.match(CJJ)Z @ 19
Event: 100.095 Thread 0x000000001a162800 Uncommon trap: reason=unstable_if action=reinterpret pc=0x00000000026d7800 method=java.net.URI.match(CJJ)Z @ 19
Event: 110.241 Thread 0x000000001a162800 Uncommon trap: reason=unstable_if action=reinterpret pc=0x0000000002988d20 method=java.util.HashMap.hash(Ljava/lang/Object;)I @ 1
Event: 111.036 Thread 0x000000001a162800 Uncommon trap: reason=unstable_if action=reinterpret pc=0x0000000002929a3c method=jdk.internal.org.objectweb.asm.Type.getArgumentsAndReturnSizes(Ljava/lang/String;)I @ 88
Event: 115.171 Thread 0x000000001a162800 Uncommon trap: reason=unstable_if action=reinterpret pc=0x000000000273374c method=java.io.WinNTFileSystem.resolve(Ljava/lang/String;Ljava/lang/String;)Ljava/lang/String; @ 49

Classes redefined (0 events):
No events

Internal exceptions (10 events):
Event: 74.685 Thread 0x0000000019678000 Exception <a 'java/lang/NoSuchMethodError': <clinit>> (0x00000000d5b57370) thrown at [C:\src\AOSP-openjdk-git\hotspot\src\share\vm\prims\jni.cpp, line 1615]
Event: 86.199 Thread 0x000000001a162800 Exception <a 'java/lang/NoSuchMethodError': java.lang.Object.lambda$and$0(Ljava/util/function/Predicate;Ljava/lang/Object;)Z> (0x00000000d8054090) thrown at [C:\src\AOSP-openjdk-git\hotspot\src\share\vm\interpreter\linkResolver.cpp, line 620]
Event: 87.425 Thread 0x000000001a162800 Exception <a 'java/lang/IncompatibleClassChangeError': Found class java.lang.Object, but interface was expected> (0x00000000d8064388) thrown at [C:\src\AOSP-openjdk-git\hotspot\src\share\vm\interpreter\linkResolver.cpp, line 653]
Event: 88.213 Thread 0x000000001a162800 Exception <a 'java/lang/NoSuchMethodError': java.lang.Object.lambda$or$2(Ljava/util/function/Predicate;Ljava/lang/Object;)Z> (0x00000000d8068ed8) thrown at [C:\src\AOSP-openjdk-git\hotspot\src\share\vm\interpreter\linkResolver.cpp, line 620]
Event: 93.107 Thread 0x000000001a162800 Exception <a 'java/lang/NoSuchMethodError': java.lang.Object.lambda$static$0(Lorg/gradle/internal/state/ModelObject;)Ljava/lang/String;> (0x00000000d5aa7fd8) thrown at [C:\src\AOSP-openjdk-git\hotspot\src\share\vm\interpreter\linkResolver.cpp, line 620]
Event: 105.249 Thread 0x000000001a162800 Exception <a 'java/lang/NoSuchMethodError': java.lang.Object.lambda$static$1(Lorg/gradle/internal/snapshot/SnapshotHierarchy$DiffCapturingUpdateFunction;)Lorg/gradle/internal/snapshot/AtomicSnapshotHierarchyReference$UpdateFunction;> (0x00000000d71e77d8) 
Event: 110.241 Thread 0x000000001a162800 Implicit null exception at 0x0000000002988b15 to 0x0000000002988d11
Event: 111.035 Thread 0x000000001a162800 Exception <a 'java/lang/NoSuchMethodError': java.lang.Object.lambda$comparing$77a9974f$1(Ljava/util/function/Function;Ljava/lang/Object;Ljava/lang/Object;)I> (0x00000000d5c5d4b0) thrown at [C:\src\AOSP-openjdk-git\hotspot\src\share\vm\interpreter\linkReso
Event: 113.430 Thread 0x000000001a162800 Exception <a 'java/lang/NoSuchMethodError': java.lang.Object.lambda$withReadOnlyCache$0(Ljava/util/function/BiFunction;Lorg/gradle/api/internal/artifacts/ivyservice/ArtifactCacheMetadata;)Ljava/lang/Object;> (0x00000000d5e72c58) thrown at [C:\src\AOSP-ope
Event: 114.698 Thread 0x000000001a162800 Exception <a 'java/lang/NoSuchMethodError': java.lang.Object.lambda$static$0(Lorg/gradle/api/internal/artifacts/ivyservice/ivyresolve/ModuleComponentRepository;Ljava/lang/String;Lorg/gradle/api/internal/artifacts/configurations/ResolutionStrategyInternal;

Events (10 events):
Event: 117.701 loading class org/gradle/internal/execution/steps/CleanupOutputsStep
Event: 117.701 loading class org/gradle/internal/execution/steps/CleanupOutputsStep done
Event: 117.702 loading class org/gradle/internal/execution/BeforeExecutionContext
Event: 117.702 loading class org/gradle/internal/execution/BeforeExecutionContext done
Event: 117.702 loading class org/gradle/internal/execution/AfterPreviousExecutionContext
Event: 117.702 loading class org/gradle/internal/execution/AfterPreviousExecutionContext done
Event: 117.703 loading class org/gradle/internal/execution/steps/ExecuteStep
Event: 117.703 loading class org/gradle/internal/execution/steps/ExecuteStep done
Event: 117.704 loading class org/gradle/api/internal/changedetection/state/DefaultExecutionHistoryCacheAccess
Event: 117.704 loading class org/gradle/api/internal/changedetection/state/DefaultExecutionHistoryCacheAccess done


Dynamic libraries:
0x00007ff70e060000 - 0x00007ff70e091000 	C:\Program Files\Android\Android Studio\jre\bin\java.exe
0x00007ffa293f0000 - 0x00007ffa295e5000 	C:\WINDOWS\SYSTEM32\ntdll.dll
0x00007ffa27df0000 - 0x00007ffa27ead000 	C:\WINDOWS\System32\KERNEL32.DLL
0x00007ffa27090000 - 0x00007ffa27358000 	C:\WINDOWS\System32\KERNELBASE.dll
0x00007ffa28b00000 - 0x00007ffa28bac000 	C:\WINDOWS\System32\ADVAPI32.dll
0x00007ffa28450000 - 0x00007ffa284ee000 	C:\WINDOWS\System32\msvcrt.dll
0x00007ffa28990000 - 0x00007ffa28a2b000 	C:\WINDOWS\System32\sechost.dll
0x00007ffa27450000 - 0x00007ffa2757b000 	C:\WINDOWS\System32\RPCRT4.dll
0x00007ffa28bb0000 - 0x00007ffa28d50000 	C:\WINDOWS\System32\USER32.dll
0x00007ffa26cc0000 - 0x00007ffa26ce2000 	C:\WINDOWS\System32\win32u.dll
0x00007ffa28a30000 - 0x00007ffa28a5a000 	C:\WINDOWS\System32\GDI32.dll
0x00007ffa26f80000 - 0x00007ffa2708b000 	C:\WINDOWS\System32\gdi32full.dll
0x00007ffa27360000 - 0x00007ffa273fd000 	C:\WINDOWS\System32\msvcp_win.dll
0x00007ffa26bc0000 - 0x00007ffa26cc0000 	C:\WINDOWS\System32\ucrtbase.dll
0x00007ffa17f10000 - 0x00007ffa181aa000 	C:\WINDOWS\WinSxS\amd64_microsoft.windows.common-controls_6595b64144ccf1df_6.0.19041.844_none_ca00b6081b84eb1d\COMCTL32.dll
0x00007ffa28d60000 - 0x00007ffa28d90000 	C:\WINDOWS\System32\IMM32.DLL
0x0000000058e00000 - 0x0000000058ed2000 	C:\Program Files\Android\Android Studio\jre\jre\bin\msvcr100.dll
0x0000000058ee0000 - 0x000000005972b000 	C:\Program Files\Android\Android Studio\jre\jre\bin\server\jvm.dll
0x00007ffa28a60000 - 0x00007ffa28a68000 	C:\WINDOWS\System32\PSAPI.DLL
0x00007ffa17010000 - 0x00007ffa17019000 	C:\WINDOWS\SYSTEM32\WSOCK32.dll
0x00007ffa18770000 - 0x00007ffa18797000 	C:\WINDOWS\SYSTEM32\WINMM.dll
0x00007ffa28660000 - 0x00007ffa286cb000 	C:\WINDOWS\System32\WS2_32.dll
0x00007ffa17020000 - 0x00007ffa1702a000 	C:\WINDOWS\SYSTEM32\VERSION.dll
0x00007ffa22340000 - 0x00007ffa2234f000 	C:\Program Files\Android\Android Studio\jre\jre\bin\verify.dll
0x00007ffa1c3a0000 - 0x00007ffa1c3c9000 	C:\Program Files\Android\Android Studio\jre\jre\bin\java.dll
0x00007ffa222f0000 - 0x00007ffa22306000 	C:\Program Files\Android\Android Studio\jre\jre\bin\zip.dll
0x00007ffa27580000 - 0x00007ffa27cc2000 	C:\WINDOWS\System32\SHELL32.dll
0x00007ffa24920000 - 0x00007ffa250b1000 	C:\WINDOWS\SYSTEM32\windows.storage.dll
0x00007ffa280f0000 - 0x00007ffa28445000 	C:\WINDOWS\System32\combase.dll
0x00007ffa26460000 - 0x00007ffa2648c000 	C:\WINDOWS\SYSTEM32\Wldp.dll
0x00007ffa27eb0000 - 0x00007ffa27f5e000 	C:\WINDOWS\System32\SHCORE.dll
0x00007ffa27f60000 - 0x00007ffa27fb5000 	C:\WINDOWS\System32\shlwapi.dll
0x00007ffa26a70000 - 0x00007ffa26a8f000 	C:\WINDOWS\SYSTEM32\profapi.dll
0x00007ffa1c380000 - 0x00007ffa1c39a000 	C:\Program Files\Android\Android Studio\jre\jre\bin\net.dll
0x00007ffa261e0000 - 0x00007ffa2624a000 	C:\WINDOWS\system32\mswsock.dll
0x00007ffa1c360000 - 0x00007ffa1c373000 	C:\Program Files\Android\Android Studio\jre\jre\bin\nio.dll
0x00007ffa12b70000 - 0x00007ffa12b97000 	C:\Users\AsmaRachid\.gradle\native\f6784746aeab05261644944871eae4fe03e0ef1612fff0a4a95f87b438bc6780\windows-amd64\native-platform.dll
0x00007ffa22330000 - 0x00007ffa2233d000 	C:\Program Files\Android\Android Studio\jre\jre\bin\management.dll
0x00007ffa26790000 - 0x00007ffa267a8000 	C:\WINDOWS\SYSTEM32\CRYPTSP.dll
0x00007ffa25ba0000 - 0x00007ffa25bd4000 	C:\WINDOWS\system32\rsaenh.dll
0x00007ffa26b30000 - 0x00007ffa26b57000 	C:\WINDOWS\System32\bcrypt.dll
0x00007ffa269f0000 - 0x00007ffa26a1e000 	C:\WINDOWS\SYSTEM32\USERENV.dll
0x00007ffa26cf0000 - 0x00007ffa26d70000 	C:\WINDOWS\System32\bcryptprimitives.dll
0x00007ffa26360000 - 0x00007ffa2636c000 	C:\WINDOWS\SYSTEM32\CRYPTBASE.dll
0x00007ffa25ef0000 - 0x00007ffa25f2b000 	C:\WINDOWS\SYSTEM32\IPHLPAPI.DLL
0x00007ffa28d50000 - 0x00007ffa28d58000 	C:\WINDOWS\System32\NSI.dll
0x00007ffa1e780000 - 0x00007ffa1e797000 	C:\WINDOWS\SYSTEM32\dhcpcsvc6.DLL
0x00007ffa1e760000 - 0x00007ffa1e77d000 	C:\WINDOWS\SYSTEM32\dhcpcsvc.DLL
0x00007ffa25f30000 - 0x00007ffa25ffc000 	C:\WINDOWS\SYSTEM32\DNSAPI.dll
0x00007ffa1e7c0000 - 0x00007ffa1e7cb000 	C:\WINDOWS\SYSTEM32\WINNSI.DLL

VM Arguments:
jvm_args: -Xmx2048m -Dfile.encoding=UTF-8 -Duser.country=MA -Duser.language=fr -Duser.variant 
java_command: org.gradle.launcher.daemon.bootstrap.GradleDaemon 6.5
java_class_path (initial): C:\Users\AsmaRachid\.gradle\wrapper\dists\gradle-6.5-bin\6nifqtx7604sqp1q6g8wikw7p\gradle-6.5\lib\gradle-launcher-6.5.jar
Launcher Type: SUN_STANDARD

Environment Variables:
JAVA_HOME=C:\Java\jdk-15.0.2
USERNAME=AsmaRachid
LD_LIBRARY_PATH=C:\Oracle\Middleware\Oracle_FRHome1\lib
OS=Windows_NT
PROCESSOR_IDENTIFIER=Intel64 Family 6 Model 58 Stepping 9, GenuineIntel



---------------  S Y S T E M  ---------------

OS: Windows 10.0 , 64 bit Build 19041 (10.0.19041.928)

CPU:total 4 (initial active 4) (2 cores per cpu, 2 threads per core) family 6 model 58 stepping 9, cmov, cx8, fxsr, mmx, sse, sse2, sse3, ssse3, sse4.1, sse4.2, popcnt, avx, aes, clmul, erms, ht, tsc, tscinvbit, tscinv

Memory: 4k page, physical 4054576k(271692k free), swap 5590576k(3280k free)

vm_info: OpenJDK 64-Bit Server VM (25.242-b01) for windows-amd64 JRE (1.8.0_242-release-1644-b01), built by "builder" with MS VC++ 10.0 (VS2010)

time: Sun May 02 16:13:39 2021
timezone: Maroc
elapsed time: 118 seconds (0d 0h 1m 58s)

