#
# There is insufficient memory for the Java Runtime Environment to continue.
# Native memory allocation (malloc) failed to allocate 1065776 bytes for Chunk::new
# Possible reasons:
#   The system is out of physical RAM or swap space
#   The process is running with CompressedOops enabled, and the Java Heap may be blocking the growth of the native heap
# Possible solutions:
#   Reduce memory load on the system
#   Increase physical memory or swap space
#   Check if swap backing store is full
#   Decrease Java heap size (-Xmx/-Xms)
#   Decrease number of Java threads
#   Decrease Java thread stack sizes (-Xss)
#   Set larger code cache with -XX:ReservedCodeCacheSize=
#   JVM is running with Unscaled Compressed Oops mode in which the Java heap is
#     placed in the first 4GB address space. The Java Heap base address is the
#     maximum limit for the native heap growth. Please use -XX:HeapBaseMinAddress
#     to set the Java Heap base and to place the Java Heap above 4GB virtual address.
# This output file may be truncated or incomplete.
#
#  Out of Memory Error (allocation.cpp:389), pid=9772, tid=0x0000000000000510
#
# JRE version: OpenJDK Runtime Environment (8.0_242-b01) (build 1.8.0_242-release-1644-b01)
# Java VM: OpenJDK 64-Bit Server VM (25.242-b01 mixed mode windows-amd64 compressed oops)
# Failed to write core dump. Minidumps are not enabled by default on client versions of Windows
#

---------------  T H R E A D  ---------------

Current thread (0x0000000017698800):  JavaThread "C2 CompilerThread0" daemon [_thread_in_native, id=1296, stack(0x0000000018d10000,0x0000000018e10000)]

Stack: [0x0000000018d10000,0x0000000018e10000]
[error occurred during error reporting (printing stack bounds), id 0xc0000005]

Native frames: (J=compiled Java code, j=interpreted, Vv=VM code, C=native code)


Current CompileTask:
C2: 980968 13273 %     4       com.android.tools.r8.ir.regalloc.a::a @ 683 (1761 bytes)


---------------  P R O C E S S  ---------------

Java Threads: ( => current thread )
  0x000000001aea3800 JavaThread "stdout" [_thread_in_native, id=7688, stack(0x0000000023710000,0x0000000023810000)]
  0x000000001aea2000 JavaThread "stderr" [_thread_in_native, id=4660, stack(0x0000000023510000,0x0000000023610000)]
  0x000000001aea2800 JavaThread "pool-2-thread-1" [_thread_blocked, id=11176, stack(0x0000000023610000,0x0000000023710000)]
  0x000000001aea1000 JavaThread "WorkerExecutor Queue" [_thread_blocked, id=4784, stack(0x0000000023410000,0x0000000023510000)]
  0x000000001aea0800 JavaThread "Cache worker for execution history cache (D:\AndroidStudioProjects\AndroidProject\.gradle\6.5\executionHistory)" [_thread_blocked, id=10488, stack(0x0000000022d10000,0x0000000022e10000)]
  0x000000001ae9c000 JavaThread "Execution worker for ':' Thread 3" [_thread_in_Java, id=9348, stack(0x0000000022c10000,0x0000000022d10000)]
  0x000000001ae9b000 JavaThread "Execution worker for ':' Thread 2" [_thread_blocked, id=9092, stack(0x0000000022b10000,0x0000000022c10000)]
  0x000000001ae9d800 JavaThread "Execution worker for ':'" [_thread_blocked, id=1320, stack(0x0000000022a10000,0x0000000022b10000)]
  0x000000001ae9f800 JavaThread "Cache worker for file content cache (D:\AndroidStudioProjects\AndroidProject\.gradle\6.5\fileContent)" [_thread_blocked, id=6264, stack(0x0000000022510000,0x0000000022610000)]
  0x000000001ae9f000 JavaThread "Memory manager" [_thread_blocked, id=2952, stack(0x0000000000d50000,0x0000000000e50000)]
  0x000000001aea8800 JavaThread "Cache worker for Build Output Cleanup Cache (D:\AndroidStudioProjects\AndroidProject\.gradle\buildOutputCleanup)" [_thread_blocked, id=4212, stack(0x0000000028010000,0x0000000028110000)]
  0x000000001f33d800 JavaThread "Build operations Thread 4" [_thread_in_native, id=1108, stack(0x0000000022010000,0x0000000022110000)]
  0x000000001f33c000 JavaThread "Build operations Thread 3" [_thread_in_Java, id=4240, stack(0x0000000021f10000,0x0000000022010000)]
  0x000000001f33e000 JavaThread "Build operations Thread 2" [_thread_blocked, id=7784, stack(0x0000000021e10000,0x0000000021f10000)]
  0x000000001f338000 JavaThread "Build operations" [_thread_in_native, id=8780, stack(0x000000001d060000,0x000000001d160000)]
  0x000000001a7b9800 JavaThread "Cache worker for file content cache (C:\Users\AsmaRachid\.gradle\caches\6.5\fileContent)" [_thread_blocked, id=5908, stack(0x0000000020700000,0x0000000020800000)]
  0x000000001a7b6800 JavaThread "Cache worker for execution history cache (C:\Users\AsmaRachid\.gradle\caches\6.5\executionHistory)" [_thread_blocked, id=9368, stack(0x000000001f030000,0x000000001f130000)]
  0x000000001a7b6000 JavaThread "Cache worker for cache directory md-rule (C:\Users\AsmaRachid\.gradle\caches\6.5\md-rule)" [_thread_blocked, id=3264, stack(0x000000001ef30000,0x000000001f030000)]
  0x000000001a7bb000 JavaThread "Cache worker for cache directory md-supplier (C:\Users\AsmaRachid\.gradle\caches\6.5\md-supplier)" [_thread_blocked, id=8036, stack(0x000000001ee30000,0x000000001ef30000)]
  0x000000001a7b8000 JavaThread "Cache worker for checksums cache (D:\AndroidStudioProjects\AndroidProject\.gradle\checksums)" [_thread_blocked, id=9840, stack(0x000000001ed30000,0x000000001ee30000)]
  0x000000001a7b5000 JavaThread "Cache worker for file hash cache (D:\AndroidStudioProjects\AndroidProject\.gradle\6.5\fileHashes)" [_thread_blocked, id=2804, stack(0x000000001ea30000,0x000000001eb30000)]
  0x000000001a7b4800 JavaThread "Cache worker for file hash cache (C:\Users\AsmaRachid\.gradle\caches\6.5\fileHashes)" [_thread_blocked, id=7588, stack(0x000000001e730000,0x000000001e830000)]
  0x000000001a7ba800 JavaThread "File lock request listener" [_thread_in_native, id=764, stack(0x000000001d660000,0x000000001d760000)]
  0x0000000019166000 JavaThread "Cache worker for journal cache (C:\Users\AsmaRachid\.gradle\caches\journal-1)" [_thread_blocked, id=9864, stack(0x000000001d460000,0x000000001d560000)]
  0x0000000019374800 JavaThread "Thread-9" [_thread_blocked, id=7908, stack(0x000000001d160000,0x000000001d260000)]
  0x0000000019b93800 JavaThread "Asynchronous log dispatcher for DefaultDaemonConnection: socket connection from /127.0.0.1:52046 to /127.0.0.1:52047" [_thread_blocked, id=7988, stack(0x000000001cf60000,0x000000001d060000)]
  0x0000000019373800 JavaThread "Daemon worker" [_thread_blocked, id=11240, stack(0x000000001ce60000,0x000000001cf60000)]
  0x000000001a5d1000 JavaThread "Cancel handler" [_thread_blocked, id=3864, stack(0x000000001cd60000,0x000000001ce60000)]
  0x000000001a5c9000 JavaThread "Handler for socket connection from /127.0.0.1:52046 to /127.0.0.1:52047" [_thread_in_native, id=10788, stack(0x000000001cc60000,0x000000001cd60000)]
  0x000000001a5c4800 JavaThread "Daemon" [_thread_blocked, id=6744, stack(0x000000001cb60000,0x000000001cc60000)]
  0x0000000019191000 JavaThread "Daemon periodic checks" [_thread_blocked, id=3656, stack(0x000000001c860000,0x000000001c960000)]
  0x000000001a7f7800 JavaThread "Incoming local TCP Connector on port 52046" [_thread_in_native, id=9996, stack(0x000000001c5f0000,0x000000001c6f0000)]
  0x000000001a327800 JavaThread "Daemon health stats" [_thread_blocked, id=3100, stack(0x000000001bfb0000,0x000000001c0b0000)]
  0x00000000176ed000 JavaThread "Service Thread" daemon [_thread_blocked, id=1152, stack(0x0000000019410000,0x0000000019510000)]
  0x00000000176ab800 JavaThread "C1 CompilerThread2" daemon [_thread_blocked, id=11000, stack(0x0000000018f10000,0x0000000019010000)]
  0x000000001769c000 JavaThread "C2 CompilerThread1" daemon [_thread_in_native, id=10284, stack(0x0000000018e10000,0x0000000018f10000)]
=>0x0000000017698800 JavaThread "C2 CompilerThread0" daemon [_thread_in_native, id=1296, stack(0x0000000018d10000,0x0000000018e10000)]
  0x0000000017696000 JavaThread "Attach Listener" daemon [_thread_blocked, id=9828, stack(0x0000000018c10000,0x0000000018d10000)]
  0x0000000017693000 JavaThread "Signal Dispatcher" daemon [_thread_blocked, id=5960, stack(0x0000000018b10000,0x0000000018c10000)]
  0x0000000002a1c000 JavaThread "Finalizer" daemon [_thread_blocked, id=8000, stack(0x00000000188e0000,0x00000000189e0000)]
  0x0000000017679000 JavaThread "Reference Handler" daemon [_thread_blocked, id=5592, stack(0x00000000187e0000,0x00000000188e0000)]
  0x0000000002922800 JavaThread "main" [_thread_blocked, id=4892, stack(0x0000000001050000,0x0000000001150000)]

Other Threads:
  0x0000000017657800 VMThread [stack: 0x00000000186e0000,0x00000000187e0000] [id=11116]
  0x00000000176ed800 WatcherThread [stack: 0x0000000019510000,0x0000000019610000] [id=2756]

VM state:not at safepoint (normal execution)

VM Mutex/Monitor currently owned by a thread: None

heap address: 0x0000000080000000, size: 2048 MB, Compressed Oops mode: 32-bit
Narrow klass base: 0x0000000000000000, Narrow klass shift: 3
Compressed class space size: 1073741824 Address: 0x0000000100000000

Heap:
 PSYoungGen      total 173056K, used 24677K [0x00000000d5580000, 0x00000000e1b00000, 0x0000000100000000)
  eden space 159232K, 14% used [0x00000000d5580000,0x00000000d6c21560,0x00000000df100000)
  from space 13824K, 10% used [0x00000000df100000,0x00000000df278000,0x00000000dfe80000)
  to   space 13312K, 0% used [0x00000000e0e00000,0x00000000e0e00000,0x00000000e1b00000)
 ParOldGen       total 104960K, used 83047K [0x0000000080000000, 0x0000000086680000, 0x00000000d5580000)
  object space 104960K, 79% used [0x0000000080000000,0x0000000085119dc8,0x0000000086680000)
 Metaspace       used 79449K, capacity 83602K, committed 84056K, reserved 1122304K
  class space    used 10734K, capacity 11475K, committed 11648K, reserved 1048576K

Card table byte_map: [0x0000000011e30000,0x0000000012240000] byte_map_base: 0x0000000011a30000

Marking Bits: (ParMarkBitMap*) 0x00000000596af030
 Begin Bits: [0x00000000128f0000, 0x00000000148f0000)
 End Bits:   [0x00000000148f0000, 0x00000000168f0000)

Polling page: 0x0000000000b50000

CodeCache: size=245760Kb used=39638Kb max_used=39638Kb free=206121Kb
 bounds [0x0000000002a70000, 0x0000000005160000, 0x0000000011a70000]
 total_blobs=12213 nmethods=11383 adapters=740
 compilation: enabled

Compilation events (10 events):
Event: 979.413 Thread 0x00000000176ab800 13319   !   2       com.android.tools.r8.graph.Z::b (34 bytes)
Event: 979.414 Thread 0x00000000176ab800 nmethod 13319 0x00000000050d29d0 code [0x00000000050d2b40, 0x00000000050d2f48]
Event: 979.749 Thread 0x00000000176ab800 13321       2       com.android.tools.r8.s.b.f::<init> (10 bytes)
Event: 979.750 Thread 0x00000000176ab800 nmethod 13321 0x00000000050d2610 code [0x00000000050d2780, 0x00000000050d28e8]
Event: 979.764 Thread 0x00000000176ab800 13323       2       com.android.tools.r8.ir.conversion.N::c (121 bytes)
Event: 979.765 Thread 0x00000000176ab800 nmethod 13323 0x00000000050d1d90 code [0x00000000050d1f60, 0x00000000050d22d8]
Event: 979.935 Thread 0x00000000176ab800 13325       2       com.android.tools.r8.s.b.s::h (36 bytes)
Event: 979.935 Thread 0x00000000176ab800 nmethod 13325 0x00000000050d1890 code [0x00000000050d1a20, 0x00000000050d1c88]
Event: 979.936 Thread 0x00000000176ab800 13326   !   2       com.android.tools.r8.graph.Z::e (34 bytes)
Event: 979.936 Thread 0x00000000176ab800 nmethod 13326 0x0000000005111990 code [0x0000000005111b00, 0x0000000005111f08]

GC Heap History (10 events):
Event: 970.895 GC heap before
{Heap before GC invocations=59 (full 5):
 PSYoungGen      total 144384K, used 126448K [0x00000000d5580000, 0x00000000e0380000, 0x0000000100000000)
  eden space 124416K, 100% used [0x00000000d5580000,0x00000000dcf00000,0x00000000dcf00000)
  from space 19968K, 10% used [0x00000000dcf00000,0x00000000dd0fc020,0x00000000de280000)
  to   space 18944K, 0% used [0x00000000df100000,0x00000000df100000,0x00000000e0380000)
 ParOldGen       total 104960K, used 73511K [0x0000000080000000, 0x0000000086680000, 0x00000000d5580000)
  object space 104960K, 70% used [0x0000000080000000,0x00000000847c9f60,0x0000000086680000)
 Metaspace       used 79194K, capacity 83326K, committed 83800K, reserved 1122304K
  class space    used 10734K, capacity 11475K, committed 11648K, reserved 1048576K
Event: 970.911 GC heap after
Heap after GC invocations=59 (full 5):
 PSYoungGen      total 156160K, used 1568K [0x00000000d5580000, 0x00000000e0100000, 0x0000000100000000)
  eden space 139776K, 0% used [0x00000000d5580000,0x00000000d5580000,0x00000000dde00000)
  from space 16384K, 9% used [0x00000000df100000,0x00000000df288000,0x00000000e0100000)
  to   space 17920K, 0% used [0x00000000dde00000,0x00000000dde00000,0x00000000def80000)
 ParOldGen       total 104960K, used 75327K [0x0000000080000000, 0x0000000086680000, 0x00000000d5580000)
  object space 104960K, 71% used [0x0000000080000000,0x000000008498fc80,0x0000000086680000)
 Metaspace       used 79194K, capacity 83326K, committed 83800K, reserved 1122304K
  class space    used 10734K, capacity 11475K, committed 11648K, reserved 1048576K
}
Event: 972.058 GC heap before
{Heap before GC invocations=60 (full 5):
 PSYoungGen      total 156160K, used 141344K [0x00000000d5580000, 0x00000000e0100000, 0x0000000100000000)
  eden space 139776K, 100% used [0x00000000d5580000,0x00000000dde00000,0x00000000dde00000)
  from space 16384K, 9% used [0x00000000df100000,0x00000000df288000,0x00000000e0100000)
  to   space 17920K, 0% used [0x00000000dde00000,0x00000000dde00000,0x00000000def80000)
 ParOldGen       total 104960K, used 75327K [0x0000000080000000, 0x0000000086680000, 0x00000000d5580000)
  object space 104960K, 71% used [0x0000000080000000,0x000000008498fc80,0x0000000086680000)
 Metaspace       used 79208K, capacity 83390K, committed 84056K, reserved 1122304K
  class space    used 10734K, capacity 11475K, committed 11648K, reserved 1048576K
Event: 972.076 GC heap after
Heap after GC invocations=60 (full 5):
 PSYoungGen      total 157696K, used 1696K [0x00000000d5580000, 0x00000000e0f00000, 0x0000000100000000)
  eden space 139776K, 0% used [0x00000000d5580000,0x00000000d5580000,0x00000000dde00000)
  from space 17920K, 9% used [0x00000000dde00000,0x00000000ddfa8000,0x00000000def80000)
  to   space 16896K, 0% used [0x00000000dfe80000,0x00000000dfe80000,0x00000000e0f00000)
 ParOldGen       total 104960K, used 76527K [0x0000000080000000, 0x0000000086680000, 0x00000000d5580000)
  object space 104960K, 72% used [0x0000000080000000,0x0000000084abbc80,0x0000000086680000)
 Metaspace       used 79208K, capacity 83390K, committed 84056K, reserved 1122304K
  class space    used 10734K, capacity 11475K, committed 11648K, reserved 1048576K
}
Event: 973.957 GC heap before
{Heap before GC invocations=61 (full 5):
 PSYoungGen      total 157696K, used 141472K [0x00000000d5580000, 0x00000000e0f00000, 0x0000000100000000)
  eden space 139776K, 100% used [0x00000000d5580000,0x00000000dde00000,0x00000000dde00000)
  from space 17920K, 9% used [0x00000000dde00000,0x00000000ddfa8000,0x00000000def80000)
  to   space 16896K, 0% used [0x00000000dfe80000,0x00000000dfe80000,0x00000000e0f00000)
 ParOldGen       total 104960K, used 76527K [0x0000000080000000, 0x0000000086680000, 0x00000000d5580000)
  object space 104960K, 72% used [0x0000000080000000,0x0000000084abbc80,0x0000000086680000)
 Metaspace       used 79275K, capacity 83398K, committed 84056K, reserved 1122304K
  class space    used 10734K, capacity 11475K, committed 11648K, reserved 1048576K
Event: 974.042 GC heap after
Heap after GC invocations=61 (full 5):
 PSYoungGen      total 174080K, used 2886K [0x00000000d5580000, 0x00000000e0f00000, 0x0000000100000000)
  eden space 157184K, 0% used [0x00000000d5580000,0x00000000d5580000,0x00000000def00000)
  from space 16896K, 17% used [0x00000000dfe80000,0x00000000e01519e0,0x00000000e0f00000)
  to   space 15872K, 0% used [0x00000000def00000,0x00000000def00000,0x00000000dfe80000)
 ParOldGen       total 104960K, used 77719K [0x0000000080000000, 0x0000000086680000, 0x00000000d5580000)
  object space 104960K, 74% used [0x0000000080000000,0x0000000084be5c80,0x0000000086680000)
 Metaspace       used 79275K, capacity 83398K, committed 84056K, reserved 1122304K
  class space    used 10734K, capacity 11475K, committed 11648K, reserved 1048576K
}
Event: 976.502 GC heap before
{Heap before GC invocations=62 (full 5):
 PSYoungGen      total 174080K, used 160070K [0x00000000d5580000, 0x00000000e0f00000, 0x0000000100000000)
  eden space 157184K, 100% used [0x00000000d5580000,0x00000000def00000,0x00000000def00000)
  from space 16896K, 17% used [0x00000000dfe80000,0x00000000e01519e0,0x00000000e0f00000)
  to   space 15872K, 0% used [0x00000000def00000,0x00000000def00000,0x00000000dfe80000)
 ParOldGen       total 104960K, used 77719K [0x0000000080000000, 0x0000000086680000, 0x00000000d5580000)
  object space 104960K, 74% used [0x0000000080000000,0x0000000084be5c80,0x0000000086680000)
 Metaspace       used 79405K, capacity 83526K, committed 84056K, reserved 1122304K
  class space    used 10734K, capacity 11475K, committed 11648K, reserved 1048576K
Event: 976.525 GC heap after
Heap after GC invocations=62 (full 5):
 PSYoungGen      total 173056K, used 1952K [0x00000000d5580000, 0x00000000e0f00000, 0x0000000100000000)
  eden space 157184K, 0% used [0x00000000d5580000,0x00000000d5580000,0x00000000def00000)
  from space 15872K, 12% used [0x00000000def00000,0x00000000df0e8000,0x00000000dfe80000)
  to   space 16896K, 0% used [0x00000000dfe80000,0x00000000dfe80000,0x00000000e0f00000)
 ParOldGen       total 104960K, used 79807K [0x0000000080000000, 0x0000000086680000, 0x00000000d5580000)
  object space 104960K, 76% used [0x0000000080000000,0x0000000084defe18,0x0000000086680000)
 Metaspace       used 79405K, capacity 83526K, committed 84056K, reserved 1122304K
  class space    used 10734K, capacity 11475K, committed 11648K, reserved 1048576K
}
Event: 979.222 GC heap before
{Heap before GC invocations=63 (full 5):
 PSYoungGen      total 173056K, used 159136K [0x00000000d5580000, 0x00000000e0f00000, 0x0000000100000000)
  eden space 157184K, 100% used [0x00000000d5580000,0x00000000def00000,0x00000000def00000)
  from space 15872K, 12% used [0x00000000def00000,0x00000000df0e8000,0x00000000dfe80000)
  to   space 16896K, 0% used [0x00000000dfe80000,0x00000000dfe80000,0x00000000e0f00000)
 ParOldGen       total 104960K, used 79807K [0x0000000080000000, 0x0000000086680000, 0x00000000d5580000)
  object space 104960K, 76% used [0x0000000080000000,0x0000000084defe18,0x0000000086680000)
 Metaspace       used 79418K, capacity 83534K, committed 84056K, reserved 1122304K
  class space    used 10734K, capacity 11475K, committed 11648K, reserved 1048576K
Event: 979.256 GC heap after
Heap after GC invocations=63 (full 5):
 PSYoungGen      total 176128K, used 3399K [0x00000000d5580000, 0x00000000e1b00000, 0x0000000100000000)
  eden space 159232K, 0% used [0x00000000d5580000,0x00000000d5580000,0x00000000df100000)
  from space 16896K, 20% used [0x00000000dfe80000,0x00000000e01d1ed8,0x00000000e0f00000)
  to   space 13824K, 0% used [0x00000000df100000,0x00000000df100000,0x00000000dfe80000)
 ParOldGen       total 104960K, used 81370K [0x0000000080000000, 0x0000000086680000, 0x00000000d5580000)
  object space 104960K, 77% used [0x0000000080000000,0x0000000084f76988,0x0000000086680000)
 Metaspace       used 79418K, capacity 83534K, committed 84056K, reserved 1122304K
  class space    used 10734K, capacity 11475K, committed 11648K, reserved 1048576K
}

Deoptimization events (10 events):
Event: 962.614 Thread 0x000000001ae9c000 Uncommon trap: reason=unstable_if action=reinterpret pc=0x0000000003434b78 method=com.android.tools.r8.s.b.W0.equals(Ljava/lang/Object;)Z @ 60
Event: 966.012 Thread 0x000000001f33d800 Uncommon trap: reason=class_check action=maybe_recompile pc=0x00000000044e5a9c method=com.android.tools.r8.s.a.h.e.b(Lcom/android/tools/r8/s/b/k0;)V @ 379
Event: 968.390 Thread 0x000000001f33d800 Uncommon trap: reason=unstable_if action=reinterpret pc=0x0000000004e115d4 method=java.util.TimSort.countRunAndMakeAscending([Ljava/lang/Object;IILjava/util/Comparator;)I @ 27
Event: 969.647 Thread 0x000000001f33c000 Uncommon trap: reason=class_check action=maybe_recompile pc=0x0000000004b9469c method=com.android.tools.r8.t.a.a.a.f.e.putAll(Ljava/util/Map;)V @ 3
Event: 971.171 Thread 0x000000001ae9c000 Uncommon trap: reason=unstable_if action=reinterpret pc=0x0000000004d2d930 method=com.android.tools.r8.ir.regalloc.a.a(Lcom/android/tools/r8/ir/regalloc/a$a;Z)Lcom/android/tools/r8/ir/regalloc/a$a; @ 2085
Event: 971.818 Thread 0x000000001f338000 Uncommon trap: reason=predicate action=maybe_recompile pc=0x0000000004c9dfe0 method=com.android.tools.r8.ir.optimize.a0.a(Lcom/android/tools/r8/s/b/X;Lcom/android/tools/r8/ir/regalloc/e;I)V @ 330
Event: 971.939 Thread 0x000000001f338000 Uncommon trap: reason=class_check action=maybe_recompile pc=0x0000000003cae98c method=java.util.Collections$SetFromMap.isEmpty()Z @ 4
Event: 973.344 Thread 0x000000001ae9c000 Uncommon trap: reason=unstable_if action=reinterpret pc=0x0000000004f3e92c method=com.android.tools.r8.ir.conversion.o.a(ILcom/android/tools/r8/ir/conversion/N;)I @ 148
Event: 974.540 Thread 0x000000001f33d800 Uncommon trap: reason=class_check action=maybe_recompile pc=0x0000000003cae98c method=java.util.Collections$SetFromMap.isEmpty()Z @ 4
Event: 979.402 Thread 0x000000001f338000 Uncommon trap: reason=class_check action=maybe_recompile pc=0x0000000004f278b0 method=com.android.tools.r8.ir.conversion.o.a(Lcom/android/tools/r8/ir/conversion/N;IZ)V @ 524

Classes redefined (0 events):
No events

Internal exceptions (10 events):
Event: 956.917 Thread 0x000000001f338000 Exception <a 'sun/nio/fs/WindowsException'> (0x00000000d78b4f28) thrown at [C:\src\AOSP-openjdk-git\hotspot\src\share\vm\prims\jni.cpp, line 710]
Event: 959.171 Thread 0x000000001f338000 Exception <a 'sun/nio/fs/WindowsException'> (0x00000000d7e48bb0) thrown at [C:\src\AOSP-openjdk-git\hotspot\src\share\vm\prims\jni.cpp, line 710]
Event: 961.290 Thread 0x000000001f338000 Exception <a 'sun/nio/fs/WindowsException'> (0x00000000d8f66a38) thrown at [C:\src\AOSP-openjdk-git\hotspot\src\share\vm\prims\jni.cpp, line 710]
Event: 963.424 Thread 0x000000001f338000 Exception <a 'sun/nio/fs/WindowsException'> (0x00000000d75da958) thrown at [C:\src\AOSP-openjdk-git\hotspot\src\share\vm\prims\jni.cpp, line 710]
Event: 972.623 Thread 0x000000001f338000 Exception <a 'sun/nio/fs/WindowsException'> (0x00000000d6a69fb8) thrown at [C:\src\AOSP-openjdk-git\hotspot\src\share\vm\prims\jni.cpp, line 710]
Event: 973.856 Thread 0x000000001f338000 Exception <a 'sun/nio/fs/WindowsException'> (0x00000000dcf05a48) thrown at [C:\src\AOSP-openjdk-git\hotspot\src\share\vm\prims\jni.cpp, line 710]
Event: 975.858 Thread 0x000000001f33d800 Exception <a 'sun/nio/fs/WindowsException'> (0x00000000dae2a4a0) thrown at [C:\src\AOSP-openjdk-git\hotspot\src\share\vm\prims\jni.cpp, line 710]
Event: 976.781 Thread 0x000000001f338000 Exception <a 'sun/nio/fs/WindowsException'> (0x00000000d6c42d58) thrown at [C:\src\AOSP-openjdk-git\hotspot\src\share\vm\prims\jni.cpp, line 710]
Event: 978.945 Thread 0x000000001f33d800 Exception <a 'sun/nio/fs/WindowsException'> (0x00000000d5775460) thrown at [C:\src\AOSP-openjdk-git\hotspot\src\share\vm\prims\jni.cpp, line 710]
Event: 978.986 Thread 0x000000001f338000 Exception <a 'sun/nio/fs/WindowsException'> (0x00000000dd7fd508) thrown at [C:\src\AOSP-openjdk-git\hotspot\src\share\vm\prims\jni.cpp, line 710]

Events (10 events):
Event: 979.461 Thread 0x000000001f33c000 DEOPT PACKING pc=0x0000000004fad19d sp=0x000000002200a2f0
Event: 979.462 Thread 0x000000001f33c000 DEOPT UNPACKING pc=0x0000000002ab75d0 sp=0x000000002200a448 mode 0
Event: 979.846 Thread 0x000000001ae9c000 DEOPT PACKING pc=0x0000000004facadd sp=0x0000000022d07890
Event: 979.846 Thread 0x000000001ae9c000 DEOPT UNPACKING pc=0x0000000002ab75d0 sp=0x0000000022d079e0 mode 0
Event: 979.867 Thread 0x000000001f338000 DEOPT PACKING pc=0x0000000004facadd sp=0x000000001d159c20
Event: 979.867 Thread 0x000000001f338000 DEOPT UNPACKING pc=0x0000000002ab75d0 sp=0x000000001d159d70 mode 0
Event: 979.887 Thread 0x000000001f33c000 DEOPT PACKING pc=0x0000000004fac963 sp=0x000000002200a2d0
Event: 979.887 Thread 0x000000001f33c000 DEOPT UNPACKING pc=0x0000000002ab75d0 sp=0x000000002200a420 mode 0
Event: 979.916 Thread 0x000000001f33c000 DEOPT PACKING pc=0x0000000004fac963 sp=0x000000002200a2d0
Event: 979.916 Thread 0x000000001f33c000 DEOPT UNPACKING pc=0x0000000002ab75d0 sp=0x000000002200a420 mode 0


Dynamic libraries:
0x00007ff6f3980000 - 0x00007ff6f39b1000 	C:\Program Files\Android\Android Studio\jre\bin\java.exe
0x00007ffa293f0000 - 0x00007ffa295e5000 	C:\WINDOWS\SYSTEM32\ntdll.dll
0x00007ffa27df0000 - 0x00007ffa27ead000 	C:\WINDOWS\System32\KERNEL32.DLL
0x00007ffa27090000 - 0x00007ffa27358000 	C:\WINDOWS\System32\KERNELBASE.dll
0x00007ffa28b00000 - 0x00007ffa28bac000 	C:\WINDOWS\System32\ADVAPI32.dll
0x00007ffa28450000 - 0x00007ffa284ee000 	C:\WINDOWS\System32\msvcrt.dll
0x00007ffa28990000 - 0x00007ffa28a2b000 	C:\WINDOWS\System32\sechost.dll
0x00007ffa27450000 - 0x00007ffa2757b000 	C:\WINDOWS\System32\RPCRT4.dll
0x00007ffa28bb0000 - 0x00007ffa28d50000 	C:\WINDOWS\System32\USER32.dll
0x00007ffa26cc0000 - 0x00007ffa26ce2000 	C:\WINDOWS\System32\win32u.dll
0x00007ffa28a30000 - 0x00007ffa28a5a000 	C:\WINDOWS\System32\GDI32.dll
0x00007ffa26f80000 - 0x00007ffa2708b000 	C:\WINDOWS\System32\gdi32full.dll
0x00007ffa27360000 - 0x00007ffa273fd000 	C:\WINDOWS\System32\msvcp_win.dll
0x00007ffa26bc0000 - 0x00007ffa26cc0000 	C:\WINDOWS\System32\ucrtbase.dll
0x00007ffa17f10000 - 0x00007ffa181aa000 	C:\WINDOWS\WinSxS\amd64_microsoft.windows.common-controls_6595b64144ccf1df_6.0.19041.844_none_ca00b6081b84eb1d\COMCTL32.dll
0x00007ffa28d60000 - 0x00007ffa28d90000 	C:\WINDOWS\System32\IMM32.DLL
0x0000000058e00000 - 0x0000000058ed2000 	C:\Program Files\Android\Android Studio\jre\jre\bin\msvcr100.dll
0x0000000058ee0000 - 0x000000005972b000 	C:\Program Files\Android\Android Studio\jre\jre\bin\server\jvm.dll
0x00007ffa28a60000 - 0x00007ffa28a68000 	C:\WINDOWS\System32\PSAPI.DLL
0x00007ffa17020000 - 0x00007ffa1702a000 	C:\WINDOWS\SYSTEM32\VERSION.dll
0x00007ffa18770000 - 0x00007ffa18797000 	C:\WINDOWS\SYSTEM32\WINMM.dll
0x00007ffa17010000 - 0x00007ffa17019000 	C:\WINDOWS\SYSTEM32\WSOCK32.dll
0x00007ffa28660000 - 0x00007ffa286cb000 	C:\WINDOWS\System32\WS2_32.dll
0x00007ffa22340000 - 0x00007ffa2234f000 	C:\Program Files\Android\Android Studio\jre\jre\bin\verify.dll
0x00007ffa1c3a0000 - 0x00007ffa1c3c9000 	C:\Program Files\Android\Android Studio\jre\jre\bin\java.dll
0x00007ffa222f0000 - 0x00007ffa22306000 	C:\Program Files\Android\Android Studio\jre\jre\bin\zip.dll
0x00007ffa27580000 - 0x00007ffa27cc2000 	C:\WINDOWS\System32\SHELL32.dll
0x00007ffa24920000 - 0x00007ffa250b1000 	C:\WINDOWS\SYSTEM32\windows.storage.dll
0x00007ffa280f0000 - 0x00007ffa28445000 	C:\WINDOWS\System32\combase.dll
0x00007ffa26460000 - 0x00007ffa2648c000 	C:\WINDOWS\SYSTEM32\Wldp.dll
0x00007ffa27eb0000 - 0x00007ffa27f5e000 	C:\WINDOWS\System32\SHCORE.dll
0x00007ffa27f60000 - 0x00007ffa27fb5000 	C:\WINDOWS\System32\shlwapi.dll
0x00007ffa26a70000 - 0x00007ffa26a8f000 	C:\WINDOWS\SYSTEM32\profapi.dll
0x00007ffa1c380000 - 0x00007ffa1c39a000 	C:\Program Files\Android\Android Studio\jre\jre\bin\net.dll
0x00007ffa261e0000 - 0x00007ffa2624a000 	C:\WINDOWS\system32\mswsock.dll
0x00007ffa1c360000 - 0x00007ffa1c373000 	C:\Program Files\Android\Android Studio\jre\jre\bin\nio.dll
0x00007ffa12b70000 - 0x00007ffa12b97000 	C:\Users\AsmaRachid\.gradle\native\f6784746aeab05261644944871eae4fe03e0ef1612fff0a4a95f87b438bc6780\windows-amd64\native-platform.dll
0x00007ffa22330000 - 0x00007ffa2233d000 	C:\Program Files\Android\Android Studio\jre\jre\bin\management.dll
0x00007ffa26790000 - 0x00007ffa267a8000 	C:\WINDOWS\SYSTEM32\CRYPTSP.dll
0x00007ffa25ba0000 - 0x00007ffa25bd4000 	C:\WINDOWS\system32\rsaenh.dll
0x00007ffa26b30000 - 0x00007ffa26b57000 	C:\WINDOWS\System32\bcrypt.dll
0x00007ffa269f0000 - 0x00007ffa26a1e000 	C:\WINDOWS\SYSTEM32\USERENV.dll
0x00007ffa26cf0000 - 0x00007ffa26d70000 	C:\WINDOWS\System32\bcryptprimitives.dll
0x00007ffa26360000 - 0x00007ffa2636c000 	C:\WINDOWS\SYSTEM32\CRYPTBASE.dll
0x00007ffa25ef0000 - 0x00007ffa25f2b000 	C:\WINDOWS\SYSTEM32\IPHLPAPI.DLL
0x00007ffa28d50000 - 0x00007ffa28d58000 	C:\WINDOWS\System32\NSI.dll
0x00007ffa1e780000 - 0x00007ffa1e797000 	C:\WINDOWS\SYSTEM32\dhcpcsvc6.DLL
0x00007ffa1e760000 - 0x00007ffa1e77d000 	C:\WINDOWS\SYSTEM32\dhcpcsvc.DLL
0x00007ffa25f30000 - 0x00007ffa25ffc000 	C:\WINDOWS\SYSTEM32\DNSAPI.dll
0x00007ffa1e7c0000 - 0x00007ffa1e7cb000 	C:\WINDOWS\SYSTEM32\WINNSI.DLL

VM Arguments:
jvm_args: -Xmx2048m -Dfile.encoding=UTF-8 -Duser.country=MA -Duser.language=fr -Duser.variant 
java_command: org.gradle.launcher.daemon.bootstrap.GradleDaemon 6.5
java_class_path (initial): C:\Users\AsmaRachid\.gradle\wrapper\dists\gradle-6.5-bin\6nifqtx7604sqp1q6g8wikw7p\gradle-6.5\lib\gradle-launcher-6.5.jar
Launcher Type: SUN_STANDARD

Environment Variables:
JAVA_HOME=C:\Java\jdk-15.0.2
USERNAME=AsmaRachid
LD_LIBRARY_PATH=C:\Oracle\Middleware\Oracle_FRHome1\lib
OS=Windows_NT
PROCESSOR_IDENTIFIER=Intel64 Family 6 Model 58 Stepping 9, GenuineIntel



---------------  S Y S T E M  ---------------

OS: Windows 10.0 , 64 bit Build 19041 (10.0.19041.928)

CPU:total 4 (initial active 4) (2 cores per cpu, 2 threads per core) family 6 model 58 stepping 9, cmov, cx8, fxsr, mmx, sse, sse2, sse3, ssse3, sse4.1, sse4.2, popcnt, avx, aes, clmul, erms, ht, tsc, tscinvbit, tscinv

Memory: 4k page, physical 4054576k(266716k free), swap 5590576k(7324k free)

vm_info: OpenJDK 64-Bit Server VM (25.242-b01) for windows-amd64 JRE (1.8.0_242-release-1644-b01), built by "builder" with MS VC++ 10.0 (VS2010)

time: Sun May 02 15:53:35 2021
timezone: Maroc
elapsed time: 981 seconds (0d 0h 16m 21s)

