#
# There is insufficient memory for the Java Runtime Environment to continue.
# Native memory allocation (malloc) failed to allocate 1234368 bytes for Chunk::new
# Possible reasons:
#   The system is out of physical RAM or swap space
#   The process is running with CompressedOops enabled, and the Java Heap may be blocking the growth of the native heap
# Possible solutions:
#   Reduce memory load on the system
#   Increase physical memory or swap space
#   Check if swap backing store is full
#   Decrease Java heap size (-Xmx/-Xms)
#   Decrease number of Java threads
#   Decrease Java thread stack sizes (-Xss)
#   Set larger code cache with -XX:ReservedCodeCacheSize=
#   JVM is running with Unscaled Compressed Oops mode in which the Java heap is
#     placed in the first 4GB address space. The Java Heap base address is the
#     maximum limit for the native heap growth. Please use -XX:HeapBaseMinAddress
#     to set the Java Heap base and to place the Java Heap above 4GB virtual address.
# This output file may be truncated or incomplete.
#
#  Out of Memory Error (allocation.cpp:389), pid=8100, tid=0x0000000000001958
#
# JRE version: OpenJDK Runtime Environment (8.0_242-b01) (build 1.8.0_242-release-1644-b01)
# Java VM: OpenJDK 64-Bit Server VM (25.242-b01 mixed mode windows-amd64 compressed oops)
# Failed to write core dump. Minidumps are not enabled by default on client versions of Windows
#

---------------  T H R E A D  ---------------

Current thread (0x000000001759c800):  JavaThread "C2 CompilerThread1" daemon [_thread_in_native, id=6488, stack(0x0000000018d10000,0x0000000018e10000)]

Stack: [0x0000000018d10000,0x0000000018e10000]
[error occurred during error reporting (printing stack bounds), id 0xc0000005]

Native frames: (J=compiled Java code, j=interpreted, Vv=VM code, C=native code)


Current CompileTask:
C2: 204495 11002       4       com.android.tools.r8.ir.regalloc.a::a (3992 bytes)


---------------  P R O C E S S  ---------------

Java Threads: ( => current thread )
  0x0000000019c08000 JavaThread "Cache worker for execution history cache (D:\AndroidStudioProjects\AndroidProject\.gradle\6.5\executionHistory)" [_thread_blocked, id=1304, stack(0x0000000022ba0000,0x0000000022ca0000)]
  0x0000000019c0a800 JavaThread "Execution worker for ':' Thread 3" [_thread_blocked, id=6220, stack(0x0000000022aa0000,0x0000000022ba0000)]
  0x0000000019c0d800 JavaThread "Execution worker for ':' Thread 2" [_thread_blocked, id=3436, stack(0x00000000229a0000,0x0000000022aa0000)]
  0x0000000019c09000 JavaThread "Execution worker for ':'" [_thread_in_Java, id=8964, stack(0x00000000228a0000,0x00000000229a0000)]
  0x0000000019c09800 JavaThread "Cache worker for file content cache (D:\AndroidStudioProjects\AndroidProject\.gradle\6.5\fileContent)" [_thread_blocked, id=8132, stack(0x00000000223a0000,0x00000000224a0000)]
  0x0000000019c0c800 JavaThread "Memory manager" [_thread_blocked, id=9008, stack(0x0000000000e20000,0x0000000000f20000)]
  0x0000000019c13800 JavaThread "Cache worker for Build Output Cleanup Cache (D:\AndroidStudioProjects\AndroidProject\.gradle\buildOutputCleanup)" [_thread_blocked, id=7832, stack(0x000000001cf60000,0x000000001d060000)]
  0x000000001bc7f000 JavaThread "Build operations Thread 4" [_thread_blocked, id=6536, stack(0x00000000220a0000,0x00000000221a0000)]
  0x000000001bc7a800 JavaThread "Build operations Thread 3" [_thread_in_native, id=9896, stack(0x0000000021fa0000,0x00000000220a0000)]
  0x000000001bc7d000 JavaThread "Build operations Thread 2" [_thread_in_native, id=7044, stack(0x0000000021ea0000,0x0000000021fa0000)]
  0x000000001bc7d800 JavaThread "Build operations" [_thread_in_Java, id=7092, stack(0x0000000021da0000,0x0000000021ea0000)]
  0x000000001de55800 JavaThread "Cache worker for file content cache (C:\Users\AsmaRachid\.gradle\caches\6.5\fileContent)" [_thread_blocked, id=8244, stack(0x0000000020690000,0x0000000020790000)]
  0x000000001de54000 JavaThread "Cache worker for execution history cache (C:\Users\AsmaRachid\.gradle\caches\6.5\executionHistory)" [_thread_blocked, id=10900, stack(0x000000001f1c0000,0x000000001f2c0000)]
  0x000000001de52800 JavaThread "Cache worker for cache directory md-rule (C:\Users\AsmaRachid\.gradle\caches\6.5\md-rule)" [_thread_blocked, id=2832, stack(0x000000001f0c0000,0x000000001f1c0000)]
  0x000000001de59800 JavaThread "Cache worker for cache directory md-supplier (C:\Users\AsmaRachid\.gradle\caches\6.5\md-supplier)" [_thread_blocked, id=2640, stack(0x000000001efc0000,0x000000001f0c0000)]
  0x000000001de57000 JavaThread "Cache worker for checksums cache (D:\AndroidStudioProjects\AndroidProject\.gradle\checksums)" [_thread_blocked, id=8540, stack(0x000000001eec0000,0x000000001efc0000)]
  0x000000001de56800 JavaThread "Cache worker for file hash cache (D:\AndroidStudioProjects\AndroidProject\.gradle\6.5\fileHashes)" [_thread_blocked, id=9124, stack(0x000000001ebc0000,0x000000001ecc0000)]
  0x000000001de53800 JavaThread "Cache worker for file hash cache (C:\Users\AsmaRachid\.gradle\caches\6.5\fileHashes)" [_thread_blocked, id=4868, stack(0x000000001eac0000,0x000000001ebc0000)]
  0x000000001a766800 JavaThread "File lock request listener" [_thread_in_native, id=2444, stack(0x000000001d560000,0x000000001d660000)]
  0x000000001a589000 JavaThread "Cache worker for journal cache (C:\Users\AsmaRachid\.gradle\caches\journal-1)" [_thread_blocked, id=3656, stack(0x000000001d360000,0x000000001d460000)]
  0x0000000019d0b000 JavaThread "Thread-9" [_thread_blocked, id=4644, stack(0x000000001d060000,0x000000001d160000)]
  0x0000000019b94800 JavaThread "Asynchronous log dispatcher for DefaultDaemonConnection: socket connection from /127.0.0.1:52736 to /127.0.0.1:52738" [_thread_blocked, id=2368, stack(0x000000001ce60000,0x000000001cf60000)]
  0x0000000019307800 JavaThread "Daemon worker" [_thread_blocked, id=6288, stack(0x000000001cd60000,0x000000001ce60000)]
  0x0000000019089800 JavaThread "Cancel handler" [_thread_blocked, id=124, stack(0x000000001cc60000,0x000000001cd60000)]
  0x00000000198c4000 JavaThread "Handler for socket connection from /127.0.0.1:52736 to /127.0.0.1:52738" [_thread_in_native, id=764, stack(0x000000001cb60000,0x000000001cc60000)]
  0x0000000019b8b800 JavaThread "Daemon" [_thread_blocked, id=9676, stack(0x000000001ca60000,0x000000001cb60000)]
  0x000000001930e000 JavaThread "Daemon periodic checks" [_thread_blocked, id=7640, stack(0x000000001c760000,0x000000001c860000)]
  0x0000000019927800 JavaThread "Incoming local TCP Connector on port 52736" [_thread_in_native, id=880, stack(0x000000001c4f0000,0x000000001c5f0000)]
  0x000000001a714000 JavaThread "Daemon health stats" [_thread_blocked, id=11092, stack(0x000000001beb0000,0x000000001bfb0000)]
  0x0000000018f33000 JavaThread "Service Thread" daemon [_thread_blocked, id=7988, stack(0x0000000019310000,0x0000000019410000)]
  0x00000000175a4800 JavaThread "C1 CompilerThread2" daemon [_thread_blocked, id=7808, stack(0x0000000018e10000,0x0000000018f10000)]
=>0x000000001759c800 JavaThread "C2 CompilerThread1" daemon [_thread_in_native, id=6488, stack(0x0000000018d10000,0x0000000018e10000)]
  0x0000000017599800 JavaThread "C2 CompilerThread0" daemon [_thread_in_native, id=2060, stack(0x0000000018c10000,0x0000000018d10000)]
  0x0000000017597000 JavaThread "Attach Listener" daemon [_thread_blocked, id=8884, stack(0x0000000018b10000,0x0000000018c10000)]
  0x0000000017594000 JavaThread "Signal Dispatcher" daemon [_thread_blocked, id=6116, stack(0x0000000018a10000,0x0000000018b10000)]
  0x000000000293d800 JavaThread "Finalizer" daemon [_thread_blocked, id=5804, stack(0x00000000187e0000,0x00000000188e0000)]
  0x0000000017579000 JavaThread "Reference Handler" daemon [_thread_blocked, id=6840, stack(0x00000000186e0000,0x00000000187e0000)]
  0x0000000002842800 JavaThread "main" [_thread_blocked, id=3764, stack(0x0000000002740000,0x0000000002840000)]

Other Threads:
  0x0000000017557800 VMThread [stack: 0x00000000185e0000,0x00000000186e0000] [id=10140]
  0x00000000175af800 WatcherThread [stack: 0x0000000019410000,0x0000000019510000] [id=7784]

VM state:not at safepoint (normal execution)

VM Mutex/Monitor currently owned by a thread: None

heap address: 0x0000000080000000, size: 2048 MB, Compressed Oops mode: 32-bit
Narrow klass base: 0x0000000000000000, Narrow klass shift: 3
Compressed class space size: 1073741824 Address: 0x0000000100000000

Heap:
 PSYoungGen      total 94720K, used 38093K [0x00000000d5580000, 0x00000000dbf80000, 0x0000000100000000)
  eden space 81920K, 43% used [0x00000000d5580000,0x00000000d784b698,0x00000000da580000)
  from space 12800K, 19% used [0x00000000db200000,0x00000000db468000,0x00000000dbe80000)
  to   space 12800K, 0% used [0x00000000da580000,0x00000000da580000,0x00000000db200000)
 ParOldGen       total 92160K, used 62689K [0x0000000080000000, 0x0000000085a00000, 0x00000000d5580000)
  object space 92160K, 68% used [0x0000000080000000,0x0000000083d38610,0x0000000085a00000)
 Metaspace       used 74637K, capacity 78812K, committed 79064K, reserved 1118208K
  class space    used 10232K, capacity 11002K, committed 11008K, reserved 1048576K

Card table byte_map: [0x0000000011d00000,0x0000000012110000] byte_map_base: 0x0000000011900000

Marking Bits: (ParMarkBitMap*) 0x00000000596af030
 Begin Bits: [0x00000000127c0000, 0x00000000147c0000)
 End Bits:   [0x00000000147c0000, 0x00000000167c0000)

Polling page: 0x00000000026f0000

CodeCache: size=245760Kb used=33969Kb max_used=33969Kb free=211790Kb
 bounds [0x0000000002940000, 0x0000000004a90000, 0x0000000011940000]
 total_blobs=11022 nmethods=10216 adapters=716
 compilation: enabled

Compilation events (10 events):
Event: 204.448 Thread 0x00000000175a4800 11471       2       org.gradle.internal.snapshot.SnapshotUtil$1::handleDescendant (5 bytes)
Event: 204.448 Thread 0x00000000175a4800 nmethod 11471 0x0000000004a88d50 code [0x0000000004a88ec0, 0x0000000004a89028]
Event: 204.453 Thread 0x00000000175a4800 11472       2       com.android.tools.r8.graph.c$$Lambda$766/864715702::apply (12 bytes)
Event: 204.454 Thread 0x00000000175a4800 nmethod 11472 0x0000000004a890d0 code [0x0000000004a89260, 0x0000000004a895e8]
Event: 204.454 Thread 0x00000000175a4800 11473       2       com.android.tools.r8.graph.c::a (29 bytes)
Event: 204.455 Thread 0x00000000175a4800 nmethod 11473 0x0000000004a89890 code [0x0000000004a89a20, 0x0000000004a89d68]
Event: 204.458 Thread 0x00000000175a4800 11474       2       sun.nio.ch.FileKey::hashCode (42 bytes)
Event: 204.459 Thread 0x00000000175a4800 nmethod 11474 0x0000000004a89f50 code [0x0000000004a8a0a0, 0x0000000004a8a230]
Event: 204.459 Thread 0x00000000175a4800 11475       2       com.android.tools.r8.s.b.M::a (45 bytes)
Event: 204.459 Thread 0x00000000175a4800 nmethod 11475 0x0000000004a8a290 code [0x0000000004a8a440, 0x0000000004a8a748]

GC Heap History (10 events):
Event: 197.539 GC heap before
{Heap before GC invocations=36 (full 4):
 PSYoungGen      total 71168K, used 60182K [0x00000000d5580000, 0x00000000db780000, 0x0000000100000000)
  eden space 56832K, 100% used [0x00000000d5580000,0x00000000d8d00000,0x00000000d8d00000)
  from space 14336K, 23% used [0x00000000d8d00000,0x00000000d90458f0,0x00000000d9b00000)
  to   space 15360K, 0% used [0x00000000da880000,0x00000000da880000,0x00000000db780000)
 ParOldGen       total 92160K, used 56346K [0x0000000080000000, 0x0000000085a00000, 0x00000000d5580000)
  object space 92160K, 61% used [0x0000000080000000,0x0000000083706b80,0x0000000085a00000)
 Metaspace       used 72132K, capacity 75866K, committed 75992K, reserved 1114112K
  class space    used 9987K, capacity 10691K, committed 10752K, reserved 1048576K
Event: 197.568 GC heap after
Heap after GC invocations=36 (full 4):
 PSYoungGen      total 73728K, used 5640K [0x00000000d5580000, 0x00000000db180000, 0x0000000100000000)
  eden space 64512K, 0% used [0x00000000d5580000,0x00000000d5580000,0x00000000d9480000)
  from space 9216K, 61% used [0x00000000da880000,0x00000000dae02038,0x00000000db180000)
  to   space 14848K, 0% used [0x00000000d9480000,0x00000000d9480000,0x00000000da300000)
 ParOldGen       total 92160K, used 58522K [0x0000000080000000, 0x0000000085a00000, 0x00000000d5580000)
  object space 92160K, 63% used [0x0000000080000000,0x00000000839268e0,0x0000000085a00000)
 Metaspace       used 72132K, capacity 75866K, committed 75992K, reserved 1114112K
  class space    used 9987K, capacity 10691K, committed 10752K, reserved 1048576K
}
Event: 199.290 GC heap before
{Heap before GC invocations=37 (full 4):
 PSYoungGen      total 73728K, used 70152K [0x00000000d5580000, 0x00000000db180000, 0x0000000100000000)
  eden space 64512K, 100% used [0x00000000d5580000,0x00000000d9480000,0x00000000d9480000)
  from space 9216K, 61% used [0x00000000da880000,0x00000000dae02038,0x00000000db180000)
  to   space 14848K, 0% used [0x00000000d9480000,0x00000000d9480000,0x00000000da300000)
 ParOldGen       total 92160K, used 58522K [0x0000000080000000, 0x0000000085a00000, 0x00000000d5580000)
  object space 92160K, 63% used [0x0000000080000000,0x00000000839268e0,0x0000000085a00000)
 Metaspace       used 73228K, capacity 77022K, committed 77144K, reserved 1116160K
  class space    used 10070K, capacity 10805K, committed 10880K, reserved 1048576K
Event: 199.304 GC heap after
Heap after GC invocations=37 (full 4):
 PSYoungGen      total 79360K, used 4800K [0x00000000d5580000, 0x00000000db800000, 0x0000000100000000)
  eden space 64512K, 0% used [0x00000000d5580000,0x00000000d5580000,0x00000000d9480000)
  from space 14848K, 32% used [0x00000000d9480000,0x00000000d9930000,0x00000000da300000)
  to   space 14336K, 0% used [0x00000000daa00000,0x00000000daa00000,0x00000000db800000)
 ParOldGen       total 92160K, used 58530K [0x0000000080000000, 0x0000000085a00000, 0x00000000d5580000)
  object space 92160K, 63% used [0x0000000080000000,0x00000000839288e0,0x0000000085a00000)
 Metaspace       used 73228K, capacity 77022K, committed 77144K, reserved 1116160K
  class space    used 10070K, capacity 10805K, committed 10880K, reserved 1048576K
}
Event: 200.712 GC heap before
{Heap before GC invocations=38 (full 4):
 PSYoungGen      total 79360K, used 69312K [0x00000000d5580000, 0x00000000db800000, 0x0000000100000000)
  eden space 64512K, 100% used [0x00000000d5580000,0x00000000d9480000,0x00000000d9480000)
  from space 14848K, 32% used [0x00000000d9480000,0x00000000d9930000,0x00000000da300000)
  to   space 14336K, 0% used [0x00000000daa00000,0x00000000daa00000,0x00000000db800000)
 ParOldGen       total 92160K, used 58530K [0x0000000080000000, 0x0000000085a00000, 0x00000000d5580000)
  object space 92160K, 63% used [0x0000000080000000,0x00000000839288e0,0x0000000085a00000)
 Metaspace       used 74293K, capacity 78428K, committed 78552K, reserved 1116160K
  class space    used 10208K, capacity 10982K, committed 11008K, reserved 1048576K
Event: 200.729 GC heap after
Heap after GC invocations=38 (full 4):
 PSYoungGen      total 85504K, used 5788K [0x00000000d5580000, 0x00000000db700000, 0x0000000100000000)
  eden space 72192K, 0% used [0x00000000d5580000,0x00000000d5580000,0x00000000d9c00000)
  from space 13312K, 43% used [0x00000000daa00000,0x00000000dafa7018,0x00000000db700000)
  to   space 13824K, 0% used [0x00000000d9c00000,0x00000000d9c00000,0x00000000da980000)
 ParOldGen       total 92160K, used 58538K [0x0000000080000000, 0x0000000085a00000, 0x00000000d5580000)
  object space 92160K, 63% used [0x0000000080000000,0x000000008392a8e0,0x0000000085a00000)
 Metaspace       used 74293K, capacity 78428K, committed 78552K, reserved 1116160K
  class space    used 10208K, capacity 10982K, committed 11008K, reserved 1048576K
}
Event: 202.413 GC heap before
{Heap before GC invocations=39 (full 4):
 PSYoungGen      total 85504K, used 77980K [0x00000000d5580000, 0x00000000db700000, 0x0000000100000000)
  eden space 72192K, 100% used [0x00000000d5580000,0x00000000d9c00000,0x00000000d9c00000)
  from space 13312K, 43% used [0x00000000daa00000,0x00000000dafa7018,0x00000000db700000)
  to   space 13824K, 0% used [0x00000000d9c00000,0x00000000d9c00000,0x00000000da980000)
 ParOldGen       total 92160K, used 58538K [0x0000000080000000, 0x0000000085a00000, 0x00000000d5580000)
  object space 92160K, 63% used [0x0000000080000000,0x000000008392a8e0,0x0000000085a00000)
 Metaspace       used 74559K, capacity 78728K, committed 78808K, reserved 1118208K
  class space    used 10228K, capacity 11000K, committed 11008K, reserved 1048576K
Event: 202.445 GC heap after
Heap after GC invocations=39 (full 4):
 PSYoungGen      total 86016K, used 5536K [0x00000000d5580000, 0x00000000dbe80000, 0x0000000100000000)
  eden space 72192K, 0% used [0x00000000d5580000,0x00000000d5580000,0x00000000d9c00000)
  from space 13824K, 40% used [0x00000000d9c00000,0x00000000da168000,0x00000000da980000)
  to   space 12800K, 0% used [0x00000000db200000,0x00000000db200000,0x00000000dbe80000)
 ParOldGen       total 92160K, used 58546K [0x0000000080000000, 0x0000000085a00000, 0x00000000d5580000)
  object space 92160K, 63% used [0x0000000080000000,0x000000008392c8e0,0x0000000085a00000)
 Metaspace       used 74559K, capacity 78728K, committed 78808K, reserved 1118208K
  class space    used 10228K, capacity 11000K, committed 11008K, reserved 1048576K
}
Event: 203.542 GC heap before
{Heap before GC invocations=40 (full 4):
 PSYoungGen      total 86016K, used 77728K [0x00000000d5580000, 0x00000000dbe80000, 0x0000000100000000)
  eden space 72192K, 100% used [0x00000000d5580000,0x00000000d9c00000,0x00000000d9c00000)
  from space 13824K, 40% used [0x00000000d9c00000,0x00000000da168000,0x00000000da980000)
  to   space 12800K, 0% used [0x00000000db200000,0x00000000db200000,0x00000000dbe80000)
 ParOldGen       total 92160K, used 58546K [0x0000000080000000, 0x0000000085a00000, 0x00000000d5580000)
  object space 92160K, 63% used [0x0000000080000000,0x000000008392c8e0,0x0000000085a00000)
 Metaspace       used 74608K, capacity 78808K, committed 79064K, reserved 1118208K
  class space    used 10232K, capacity 11002K, committed 11008K, reserved 1048576K
Event: 203.566 GC heap after
Heap after GC invocations=40 (full 4):
 PSYoungGen      total 94720K, used 2464K [0x00000000d5580000, 0x00000000dbf80000, 0x0000000100000000)
  eden space 81920K, 0% used [0x00000000d5580000,0x00000000d5580000,0x00000000da580000)
  from space 12800K, 19% used [0x00000000db200000,0x00000000db468000,0x00000000dbe80000)
  to   space 12800K, 0% used [0x00000000da580000,0x00000000da580000,0x00000000db200000)
 ParOldGen       total 92160K, used 62689K [0x0000000080000000, 0x0000000085a00000, 0x00000000d5580000)
  object space 92160K, 68% used [0x0000000080000000,0x0000000083d38610,0x0000000085a00000)
 Metaspace       used 74608K, capacity 78808K, committed 79064K, reserved 1118208K
  class space    used 10232K, capacity 11002K, committed 11008K, reserved 1048576K
}

Deoptimization events (10 events):
Event: 199.804 Thread 0x000000001bc7d000 Uncommon trap: reason=unstable_if action=reinterpret pc=0x00000000046f4c44 method=com.android.tools.r8.graph.i0.b(Lcom/android/tools/r8/graph/i0;)I @ 39
Event: 199.901 Thread 0x000000001bc7d000 Uncommon trap: reason=unstable_if action=reinterpret pc=0x00000000042b834c method=com.android.tools.r8.t.a.a.a.h.Z0.a(Ljava/lang/Object;)I @ 52
Event: 200.111 Thread 0x000000001bc7d000 Uncommon trap: reason=unstable_if action=reinterpret pc=0x00000000034ce4e8 method=java.util.Arrays.equals([Ljava/lang/Object;[Ljava/lang/Object;)Z @ 47
Event: 200.377 Thread 0x000000001bc7d800 Uncommon trap: reason=unstable_if action=reinterpret pc=0x00000000048b6ad8 method=com.android.tools.r8.ir.conversion.o.a(Lcom/android/tools/r8/ir/conversion/N;IZ)V @ 603
Event: 200.387 Thread 0x000000001bc7d800 Uncommon trap: reason=unstable_if action=reinterpret pc=0x00000000043802a8 method=com.android.tools.r8.ir.regalloc.a.a(Lcom/android/tools/r8/s/b/k0;Lcom/android/tools/r8/ir/regalloc/a$b;)Z @ 75
Event: 200.744 Thread 0x0000000019c09000 Uncommon trap: reason=unstable_if action=reinterpret pc=0x0000000003fc1384 method=com.android.tools.r8.graph.i0.a([C)I @ 29
Event: 201.464 Thread 0x000000001bc7a800 Uncommon trap: reason=unstable_if action=reinterpret pc=0x0000000004957e78 method=com.android.tools.r8.ir.conversion.N.a(ILcom/android/tools/r8/s/b/t1;Lcom/android/tools/r8/s/b/o;Lcom/android/tools/r8/s/b/o$c;Lcom/android/tools/r8/s/b/U0$a;)Lcom/android/t
Event: 201.476 Thread 0x000000001bc7a800 Uncommon trap: reason=unstable_if action=reinterpret pc=0x0000000004947140 method=com.android.tools.r8.s.a.h.e.b(Lcom/android/tools/r8/s/b/k0;)V @ 11
Event: 202.669 Thread 0x000000001bc7a800 Uncommon trap: reason=unstable_if action=reinterpret pc=0x000000000337d810 method=java.util.HashMap.getNode(ILjava/lang/Object;)Ljava/util/HashMap$Node; @ 84
Event: 202.723 Thread 0x000000001bc7d800 Uncommon trap: reason=unstable_if action=reinterpret pc=0x000000000492dcf8 method=com.android.tools.r8.t.a.a.a.f.X$e.contains(Ljava/lang/Object;)Z @ 176

Classes redefined (0 events):
No events

Internal exceptions (10 events):
Event: 187.697 Thread 0x0000000019c09000 Exception <a 'sun/nio/fs/WindowsException'> (0x00000000d88fcf00) thrown at [C:\src\AOSP-openjdk-git\hotspot\src\share\vm\prims\jni.cpp, line 710]
Event: 190.422 Thread 0x000000001bc7d000 Exception <a 'java/lang/IncompatibleClassChangeError': Found class java.lang.Object, but interface was expected> (0x00000000d5a2f200) thrown at [C:\src\AOSP-openjdk-git\hotspot\src\share\vm\interpreter\linkResolver.cpp, line 653]
Event: 194.127 Thread 0x000000001bc7a800 Exception <a 'java/lang/NoSuchMethodError': java.lang.Object.b(Lcom/android/tools/r8/graph/p1$b;)Lcom/android/tools/r8/graph/p1$b;> (0x00000000d6f93798) thrown at [C:\src\AOSP-openjdk-git\hotspot\src\share\vm\interpreter\linkResolver.cpp, line 620]
Event: 194.494 Thread 0x000000001bc7a800 Exception <a 'java/lang/NoSuchMethodError': java.lang.Object.lambda$maxBy$1(Ljava/util/Comparator;Ljava/lang/Object;Ljava/lang/Object;)Ljava/lang/Object;> (0x00000000d72177c0) thrown at [C:\src\AOSP-openjdk-git\hotspot\src\share\vm\interpreter\linkResolve
Event: 200.435 Thread 0x000000001bc7d000 Exception <a 'sun/nio/fs/WindowsException'> (0x00000000d8b44ed8) thrown at [C:\src\AOSP-openjdk-git\hotspot\src\share\vm\prims\jni.cpp, line 710]
Event: 201.743 Thread 0x000000001bc7a800 Exception <a 'sun/nio/fs/WindowsException'> (0x00000000d7f11030) thrown at [C:\src\AOSP-openjdk-git\hotspot\src\share\vm\prims\jni.cpp, line 710]
Event: 202.147 Thread 0x000000001bc7d000 Exception <a 'sun/nio/fs/WindowsException'> (0x00000000d87261c0) thrown at [C:\src\AOSP-openjdk-git\hotspot\src\share\vm\prims\jni.cpp, line 710]
Event: 202.261 Thread 0x000000001bc7d000 Exception <a 'sun/nio/fs/WindowsException'> (0x00000000d93540f0) thrown at [C:\src\AOSP-openjdk-git\hotspot\src\share\vm\prims\jni.cpp, line 710]
Event: 202.489 Thread 0x000000001bc7a800 Exception <a 'sun/nio/fs/WindowsException'> (0x00000000d5bd1160) thrown at [C:\src\AOSP-openjdk-git\hotspot\src\share\vm\prims\jni.cpp, line 710]
Event: 203.638 Thread 0x000000001bc7a800 Exception <a 'sun/nio/fs/WindowsException'> (0x00000000d5c78d30) thrown at [C:\src\AOSP-openjdk-git\hotspot\src\share\vm\prims\jni.cpp, line 710]

Events (10 events):
Event: 203.631 Thread 0x000000001bc7a800 DEOPT PACKING pc=0x00000000049bd399 sp=0x000000002209aee0
Event: 203.631 Thread 0x000000001bc7a800 DEOPT UNPACKING pc=0x00000000029875d0 sp=0x000000002209ac38 mode 0
Event: 203.953 Thread 0x000000001bc7d800 DEOPT PACKING pc=0x00000000044225b5 sp=0x0000000021e99b70
Event: 203.953 Thread 0x000000001bc7d800 DEOPT UNPACKING pc=0x00000000029875d0 sp=0x0000000021e99cd0 mode 0
Event: 204.082 Thread 0x000000001bc7d800 DEOPT PACKING pc=0x00000000044225b5 sp=0x0000000021e99b70
Event: 204.082 Thread 0x000000001bc7d800 DEOPT UNPACKING pc=0x00000000029875d0 sp=0x0000000021e99cd0 mode 0
Event: 204.158 Thread 0x0000000019c09000 DEOPT PACKING pc=0x00000000044225b5 sp=0x0000000022997970
Event: 204.158 Thread 0x0000000019c09000 DEOPT UNPACKING pc=0x00000000029875d0 sp=0x0000000022997ad0 mode 0
Event: 204.183 Thread 0x000000001bc7d800 DEOPT PACKING pc=0x00000000048fb7ba sp=0x0000000021e99930
Event: 204.183 Thread 0x000000001bc7d800 DEOPT UNPACKING pc=0x00000000029875d0 sp=0x0000000021e99838 mode 0


Dynamic libraries:
0x00007ff70e060000 - 0x00007ff70e091000 	C:\Program Files\Android\Android Studio\jre\bin\java.exe
0x00007ffa293f0000 - 0x00007ffa295e5000 	C:\WINDOWS\SYSTEM32\ntdll.dll
0x00007ffa27df0000 - 0x00007ffa27ead000 	C:\WINDOWS\System32\KERNEL32.DLL
0x00007ffa27090000 - 0x00007ffa27358000 	C:\WINDOWS\System32\KERNELBASE.dll
0x00007ffa28b00000 - 0x00007ffa28bac000 	C:\WINDOWS\System32\ADVAPI32.dll
0x00007ffa28450000 - 0x00007ffa284ee000 	C:\WINDOWS\System32\msvcrt.dll
0x00007ffa28990000 - 0x00007ffa28a2b000 	C:\WINDOWS\System32\sechost.dll
0x00007ffa27450000 - 0x00007ffa2757b000 	C:\WINDOWS\System32\RPCRT4.dll
0x00007ffa28bb0000 - 0x00007ffa28d50000 	C:\WINDOWS\System32\USER32.dll
0x00007ffa26cc0000 - 0x00007ffa26ce2000 	C:\WINDOWS\System32\win32u.dll
0x00007ffa28a30000 - 0x00007ffa28a5a000 	C:\WINDOWS\System32\GDI32.dll
0x00007ffa26f80000 - 0x00007ffa2708b000 	C:\WINDOWS\System32\gdi32full.dll
0x00007ffa27360000 - 0x00007ffa273fd000 	C:\WINDOWS\System32\msvcp_win.dll
0x00007ffa26bc0000 - 0x00007ffa26cc0000 	C:\WINDOWS\System32\ucrtbase.dll
0x00007ffa17f10000 - 0x00007ffa181aa000 	C:\WINDOWS\WinSxS\amd64_microsoft.windows.common-controls_6595b64144ccf1df_6.0.19041.844_none_ca00b6081b84eb1d\COMCTL32.dll
0x00007ffa28d60000 - 0x00007ffa28d90000 	C:\WINDOWS\System32\IMM32.DLL
0x0000000058e00000 - 0x0000000058ed2000 	C:\Program Files\Android\Android Studio\jre\jre\bin\msvcr100.dll
0x0000000058ee0000 - 0x000000005972b000 	C:\Program Files\Android\Android Studio\jre\jre\bin\server\jvm.dll
0x00007ffa28a60000 - 0x00007ffa28a68000 	C:\WINDOWS\System32\PSAPI.DLL
0x00007ffa17010000 - 0x00007ffa17019000 	C:\WINDOWS\SYSTEM32\WSOCK32.dll
0x00007ffa18770000 - 0x00007ffa18797000 	C:\WINDOWS\SYSTEM32\WINMM.dll
0x00007ffa28660000 - 0x00007ffa286cb000 	C:\WINDOWS\System32\WS2_32.dll
0x00007ffa17020000 - 0x00007ffa1702a000 	C:\WINDOWS\SYSTEM32\VERSION.dll
0x00007ffa22340000 - 0x00007ffa2234f000 	C:\Program Files\Android\Android Studio\jre\jre\bin\verify.dll
0x00007ffa1c3a0000 - 0x00007ffa1c3c9000 	C:\Program Files\Android\Android Studio\jre\jre\bin\java.dll
0x00007ffa222f0000 - 0x00007ffa22306000 	C:\Program Files\Android\Android Studio\jre\jre\bin\zip.dll
0x00007ffa27580000 - 0x00007ffa27cc2000 	C:\WINDOWS\System32\SHELL32.dll
0x00007ffa24920000 - 0x00007ffa250b1000 	C:\WINDOWS\SYSTEM32\windows.storage.dll
0x00007ffa280f0000 - 0x00007ffa28445000 	C:\WINDOWS\System32\combase.dll
0x00007ffa26460000 - 0x00007ffa2648c000 	C:\WINDOWS\SYSTEM32\Wldp.dll
0x00007ffa27eb0000 - 0x00007ffa27f5e000 	C:\WINDOWS\System32\SHCORE.dll
0x00007ffa27f60000 - 0x00007ffa27fb5000 	C:\WINDOWS\System32\shlwapi.dll
0x00007ffa26a70000 - 0x00007ffa26a8f000 	C:\WINDOWS\SYSTEM32\profapi.dll
0x00007ffa1c380000 - 0x00007ffa1c39a000 	C:\Program Files\Android\Android Studio\jre\jre\bin\net.dll
0x00007ffa261e0000 - 0x00007ffa2624a000 	C:\WINDOWS\system32\mswsock.dll
0x00007ffa1c360000 - 0x00007ffa1c373000 	C:\Program Files\Android\Android Studio\jre\jre\bin\nio.dll
0x00007ffa12b70000 - 0x00007ffa12b97000 	C:\Users\AsmaRachid\.gradle\native\f6784746aeab05261644944871eae4fe03e0ef1612fff0a4a95f87b438bc6780\windows-amd64\native-platform.dll
0x00007ffa22330000 - 0x00007ffa2233d000 	C:\Program Files\Android\Android Studio\jre\jre\bin\management.dll
0x00007ffa26790000 - 0x00007ffa267a8000 	C:\WINDOWS\SYSTEM32\CRYPTSP.dll
0x00007ffa25ba0000 - 0x00007ffa25bd4000 	C:\WINDOWS\system32\rsaenh.dll
0x00007ffa26b30000 - 0x00007ffa26b57000 	C:\WINDOWS\System32\bcrypt.dll
0x00007ffa269f0000 - 0x00007ffa26a1e000 	C:\WINDOWS\SYSTEM32\USERENV.dll
0x00007ffa26cf0000 - 0x00007ffa26d70000 	C:\WINDOWS\System32\bcryptprimitives.dll
0x00007ffa26360000 - 0x00007ffa2636c000 	C:\WINDOWS\SYSTEM32\CRYPTBASE.dll
0x00007ffa25ef0000 - 0x00007ffa25f2b000 	C:\WINDOWS\SYSTEM32\IPHLPAPI.DLL
0x00007ffa28d50000 - 0x00007ffa28d58000 	C:\WINDOWS\System32\NSI.dll
0x00007ffa1e780000 - 0x00007ffa1e797000 	C:\WINDOWS\SYSTEM32\dhcpcsvc6.DLL
0x00007ffa1e760000 - 0x00007ffa1e77d000 	C:\WINDOWS\SYSTEM32\dhcpcsvc.DLL
0x00007ffa25f30000 - 0x00007ffa25ffc000 	C:\WINDOWS\SYSTEM32\DNSAPI.dll
0x00007ffa1e7c0000 - 0x00007ffa1e7cb000 	C:\WINDOWS\SYSTEM32\WINNSI.DLL

VM Arguments:
jvm_args: -Xmx2048m -Dfile.encoding=UTF-8 -Duser.country=MA -Duser.language=fr -Duser.variant 
java_command: org.gradle.launcher.daemon.bootstrap.GradleDaemon 6.5
java_class_path (initial): C:\Users\AsmaRachid\.gradle\wrapper\dists\gradle-6.5-bin\6nifqtx7604sqp1q6g8wikw7p\gradle-6.5\lib\gradle-launcher-6.5.jar
Launcher Type: SUN_STANDARD

Environment Variables:
JAVA_HOME=C:\Java\jdk-15.0.2
USERNAME=AsmaRachid
LD_LIBRARY_PATH=C:\Oracle\Middleware\Oracle_FRHome1\lib
OS=Windows_NT
PROCESSOR_IDENTIFIER=Intel64 Family 6 Model 58 Stepping 9, GenuineIntel



---------------  S Y S T E M  ---------------

OS: Windows 10.0 , 64 bit Build 19041 (10.0.19041.928)

CPU:total 4 (initial active 4) (2 cores per cpu, 2 threads per core) family 6 model 58 stepping 9, cmov, cx8, fxsr, mmx, sse, sse2, sse3, ssse3, sse4.1, sse4.2, popcnt, avx, aes, clmul, erms, ht, tsc, tscinvbit, tscinv

Memory: 4k page, physical 4054576k(278632k free), swap 5590576k(5764k free)

vm_info: OpenJDK 64-Bit Server VM (25.242-b01) for windows-amd64 JRE (1.8.0_242-release-1644-b01), built by "builder" with MS VC++ 10.0 (VS2010)

time: Sun May 02 16:20:49 2021
timezone: Maroc
elapsed time: 204 seconds (0d 0h 3m 24s)

