JvmtiExport can_access_local_variables 0
JvmtiExport can_hotswap_or_post_breakpoint 0
JvmtiExport can_post_on_exceptions 0
# 279 ciObject found
ciMethod java/lang/Object <init> ()V 4097 1 218078 0 0
ciMethod java/lang/Object getClass ()Ljava/lang/Class; 2049 1 256 0 -1
ciMethod java/lang/String <init> ([CII)V 2873 1 5612 0 704
ciMethod java/lang/String <init> ([CZ)V 1785 1 12104 0 -1
ciMethod java/lang/String length ()I 3097 1 144798 0 0
ciMethod java/lang/String charAt (I)C 4097 1 924799 0 128
ciMethod java/lang/String codePointAt (I)I 889 1 5241 0 -1
ciMethod java/lang/String equalsIgnoreCase (Ljava/lang/String;)Z 3073 1 5506 0 1472
ciMethod java/lang/String regionMatches (ZILjava/lang/String;II)Z 2049 1073 5381 0 1952
ciMethod java/lang/String startsWith (Ljava/lang/String;I)Z 2137 7337 4453 0 416
ciMethod java/lang/String startsWith (Ljava/lang/String;)Z 2121 1 24682 0 352
ciMethod java/lang/String endsWith (Ljava/lang/String;)Z 2089 1 18508 0 0
ciMethod java/lang/String indexOf (I)I 2729 1 143263 0 -1
ciMethod java/lang/String indexOf (II)I 1049 38985 1264 0 384
ciMethod java/lang/String indexOfSupplementary (II)I 0 0 1 0 -1
ciMethod java/lang/String lastIndexOf (I)I 2049 1 19133 0 288
ciMethod java/lang/String lastIndexOf (II)I 897 50377 957 0 288
ciMethod java/lang/String lastIndexOfSupplementary (II)I 0 0 1 0 -1
ciMethod java/lang/String indexOf (Ljava/lang/String;)I 3193 1 9052 0 -1
ciMethod java/lang/String indexOf (Ljava/lang/String;I)I 3121 1 9416 0 -1
ciMethod java/lang/String substring (I)Ljava/lang/String; 2065 1 7731 0 0
ciMethod java/lang/String substring (II)Ljava/lang/String; 2065 1 5390 0 992
ciMethod java/lang/String replace (CC)Ljava/lang/String; 833 41233 926 0 1184
ciMethod java/lang/String toLowerCase (Ljava/util/Locale;)Ljava/lang/String; 873 33409 1544 0 -1
ciMethod java/lang/String toLowerCase ()Ljava/lang/String; 2049 1 1846 0 0
ciMethod java/lang/String trim ()Ljava/lang/String; 2049 25 522 0 -1
ciMethod java/lang/Class forName (Ljava/lang/String;)Ljava/lang/Class; 113 1 275 0 -1
ciMethod java/lang/Class newInstance ()Ljava/lang/Object; 129 1 42 0 -1
ciMethod java/lang/Class getName ()Ljava/lang/String; 2081 1 12012 0 96
ciMethod java/lang/Class getName0 ()Ljava/lang/String; 2065 1 258 0 -1
ciMethod java/lang/Class getClassLoader ()Ljava/lang/ClassLoader; 2049 1 5501 0 -1
ciMethod java/lang/ClassLoader loadClass (Ljava/lang/String;)Ljava/lang/Class; 2049 1 4571 2 -1
ciMethod java/lang/ClassLoader getSystemClassLoader ()Ljava/lang/ClassLoader; 457 1 78 0 -1
ciMethod java/lang/System getSecurityManager ()Ljava/lang/SecurityManager; 2049 1 11214 0 -1
ciMethod java/lang/System arraycopy (Ljava/lang/Object;ILjava/lang/Object;II)V 5121 1 640 0 -1
ciMethod java/util/Hashtable get (Ljava/lang/Object;)Ljava/lang/Object; 2057 345 1847 0 -1
ciMethod java/util/Hashtable put (Ljava/lang/Object;Ljava/lang/Object;)Ljava/lang/Object; 2065 665 720 0 -1
ciMethod java/lang/AbstractStringBuilder <init> (I)V 1249 1 22513 0 -1
ciMethod java/lang/AbstractStringBuilder append (Ljava/lang/String;)Ljava/lang/AbstractStringBuilder; 2193 1 5443 0 -1
ciMethod java/lang/StringBuilder <init> ()V 945 1 14186 0 192
ciMethod java/lang/StringBuilder append (Ljava/lang/String;)Ljava/lang/StringBuilder; 2033 1 26662 0 992
ciMethod java/lang/StringBuilder append (I)Ljava/lang/StringBuilder; 1 1 807 0 -1
ciMethod java/lang/StringBuilder toString ()Ljava/lang/String; 1025 1 16484 0 832
ciMethod java/net/URL <init> (Ljava/net/URL;Ljava/lang/String;Ljava/net/URLStreamHandler;)V 1785 7793 4319 0 -1
ciMethod java/net/URL isValidProtocol (Ljava/lang/String;)Z 745 2233 567 0 0
ciMethod java/net/URL checkSpecifyHandler (Ljava/lang/SecurityManager;)V 0 0 1 0 -1
ciMethod java/net/URL set (Ljava/lang/String;Ljava/lang/String;ILjava/lang/String;Ljava/lang/String;Ljava/lang/String;Ljava/lang/String;Ljava/lang/String;)V 2049 1 4330 0 0
ciMethod java/net/URL getQuery ()Ljava/lang/String; 1033 1 129 0 -1
ciMethod java/net/URL getPath ()Ljava/lang/String; 1025 1 128 0 -1
ciMethod java/net/URL getUserInfo ()Ljava/lang/String; 1049 1 131 0 -1
ciMethod java/net/URL getAuthority ()Ljava/lang/String; 1025 1 128 0 -1
ciMethod java/net/URL getPort ()I 1025 1 128 0 -1
ciMethod java/net/URL getProtocol ()Ljava/lang/String; 1025 1 128 0 0
ciMethod java/net/URL getHost ()Ljava/lang/String; 1033 1 129 0 -1
ciMethod java/net/URL getFile ()Ljava/lang/String; 1073 1 134 0 0
ciMethod java/net/URL getRef ()Ljava/lang/String; 1097 1 137 0 -1
ciMethod java/net/URL getURLStreamHandler (Ljava/lang/String;)Ljava/net/URLStreamHandler; 1633 17 844 0 0
ciMethod java/net/URL isBuiltinStreamHandler (Ljava/net/URLStreamHandler;)Z 2049 1 4645 0 0
ciMethod java/net/URL isBuiltinStreamHandler (Ljava/lang/String;)Z 2049 1 4645 0 0
ciMethod java/lang/Character charCount (I)I 1217 1 8129 0 -1
ciMethod java/lang/Character toChars (I[CI)I 0 0 1 0 -1
ciMethod java/lang/Character toChars (I)[C 0 0 1 0 -1
ciMethod java/lang/Character isLetter (C)Z 2809 1 567 0 0
ciMethod java/lang/Character isLetter (I)Z 2809 1 567 0 0
ciMethod java/lang/Character isLetterOrDigit (C)Z 2161 1 1701 0 0
ciMethod java/lang/Character isLetterOrDigit (I)Z 2185 1 1701 0 0
ciMethod java/lang/Character toLowerCase (C)C 2057 1 16301 0 0
ciMethod java/lang/Character toLowerCase (I)I 4097 1 134069 0 160
ciMethod java/lang/Character toUpperCase (C)C 2377 1 14951 0 0
ciMethod java/lang/Character toUpperCase (I)I 2377 1 14951 0 0
ciMethod java/lang/Character getType (I)I 2049 1 2469 0 0
ciMethod java/lang/Integer parseInt (Ljava/lang/String;)I 73 1 1594 0 -1
ciMethod java/security/AccessController doPrivileged (Ljava/security/PrivilegedAction;)Ljava/lang/Object; 2049 1 256 0 -1
ciMethod sun/misc/VM isSystemDomainLoader (Ljava/lang/ClassLoader;)Z 105 1 51 0 -1
ciMethod java/lang/Math min (II)I 3289 1 60429 0 -1
ciMethod java/util/Arrays binarySearch ([CC)I 0 0 1 0 -1
ciMethod java/util/Arrays copyOfRange ([CII)[C 3081 1 5576 0 512
ciMethod sun/security/action/GetPropertyAction <init> (Ljava/lang/String;Ljava/lang/String;)V 65 1 17 0 -1
ciMethodData java/lang/Object <init> ()V 2 218078 orig 264 88 29 73 89 0 0 0 0 128 4 105 22 0 0 0 0 32 1 0 0 0 0 0 0 0 0 0 0 0 0 0 0 0 0 0 0 0 0 0 0 0 0 0 0 0 0 0 0 0 0 0 0 0 0 0 0 0 0 0 0 0 0 0 0 0 0 0 0 0 0 0 0 0 0 0 0 0 0 0 0 77 68 79 32 101 120 116 114 97 32 100 97 116 97 32 108 111 99 107 0 0 0 0 0 0 0 0 0 0 0 0 0 0 0 0 0 0 0 0 0 0 0 0 0 0 0 0 0 0 0 0 0 0 0 0 0 0 0 0 0 0 0 0 0 0 0 0 0 0 0 0 0 0 0 0 0 0 0 0 0 0 0 0 0 0 0 0 0 0 0 0 0 0 0 0 0 0 0 0 0 0 0 0 0 1 0 0 0 0 0 0 0 1 0 0 0 0 0 0 0 1 0 0 0 0 0 0 0 0 0 0 0 0 0 0 0 0 2 0 0 241 142 26 0 1 0 0 0 0 0 0 0 0 0 0 0 2 0 0 0 0 0 3 0 1 0 0 0 0 0 0 0 255 255 255 255 0 0 0 0 0 0 0 0 data 0 oops 0
ciMethod java/net/URLStreamHandlerFactory createURLStreamHandler (Ljava/lang/String;)Ljava/net/URLStreamHandler; 0 0 1 0 -1
ciMethod java/util/StringTokenizer <init> (Ljava/lang/String;Ljava/lang/String;)V 25 1 3 0 -1
ciMethod java/util/StringTokenizer hasMoreTokens ()Z 2177 1 348 0 -1
ciMethod java/util/StringTokenizer nextToken ()Ljava/lang/String; 2209 1 350 0 -1
ciMethodData java/lang/String charAt (I)C 2 924807 orig 264 88 29 73 89 0 0 0 0 176 61 105 22 0 0 0 0 120 1 0 0 32 0 0 0 0 0 0 0 0 0 0 0 0 0 0 0 0 0 0 0 0 0 0 0 0 0 0 0 0 0 0 0 0 0 0 0 0 0 0 0 0 0 0 0 0 0 0 0 0 0 0 0 0 0 0 0 0 0 0 0 77 68 79 32 101 120 116 114 97 32 100 97 116 97 32 108 111 99 107 0 0 0 0 0 0 0 0 0 0 0 0 0 0 0 0 0 0 0 0 0 0 0 0 0 0 0 0 0 0 0 0 0 0 0 0 0 0 0 0 0 0 0 0 0 0 0 0 0 0 0 0 0 0 0 0 0 0 0 0 0 0 0 0 0 0 0 0 0 0 0 0 0 0 0 0 0 0 0 0 0 0 0 0 0 25 0 0 0 0 0 0 0 0 0 0 0 0 0 0 0 1 0 0 0 0 0 0 0 0 0 0 0 0 0 0 0 0 2 0 0 57 212 112 0 1 0 0 0 0 0 0 0 0 0 0 0 2 0 0 0 0 0 8 0 2 0 0 0 80 0 0 0 255 255 255 255 7 0 1 0 0 0 0 0 data 10 0x10007 0x0 0x40 0xe1a87 0xa0007 0xe1a87 0x30 0x0 0x120002 0x0 oops 0
ciMethod java/util/Locale getDefault ()Ljava/util/Locale; 2049 1 1849 0 0
ciMethod java/util/Locale getLanguage ()Ljava/lang/String; 425 1 1437 0 -1
ciMethod java/lang/CharacterData getType (I)I 0 0 1 0 -1
ciMethod java/lang/CharacterData toLowerCase (I)I 0 0 1 0 -1
ciMethod java/lang/CharacterData toUpperCase (I)I 0 0 1 0 -1
ciMethod java/lang/CharacterData of (I)Ljava/lang/CharacterData; 4097 1 6284 0 96
ciMethod java/lang/CharacterDataLatin1 getProperties (I)I 4097 1 30734 0 0
ciMethod java/lang/CharacterDataLatin1 getType (I)I 2081 1 2469 0 0
ciMethod java/lang/CharacterDataLatin1 toLowerCase (I)I 4097 1 9062 0 160
ciMethod java/lang/CharacterDataLatin1 toUpperCase (I)I 3129 1 6975 0 160
ciMethodData java/lang/Character toLowerCase (I)I 2 134069 orig 264 88 29 73 89 0 0 0 0 88 204 114 22 0 0 0 0 136 1 0 0 0 0 0 0 0 0 0 0 0 0 0 0 0 0 0 0 0 0 0 0 0 0 0 0 0 0 0 0 0 0 0 0 0 0 0 0 0 0 0 0 0 0 0 0 0 0 0 0 0 0 0 0 0 0 0 0 0 0 0 0 77 68 79 32 101 120 116 114 97 32 100 97 116 97 32 108 111 99 107 0 0 0 0 0 0 0 0 0 0 0 0 0 0 0 0 0 0 0 0 0 0 0 0 0 0 0 0 0 0 0 0 0 0 0 0 0 0 0 0 0 0 0 0 0 0 0 0 0 0 0 0 0 0 0 0 0 0 0 0 0 0 0 0 0 0 0 0 0 0 0 0 0 0 0 0 0 0 0 0 0 0 0 0 0 0 0 0 0 0 0 0 0 0 0 0 0 0 0 0 0 0 0 0 0 0 0 0 0 0 0 0 0 0 0 0 0 0 2 0 0 169 77 16 0 1 0 0 0 0 0 0 0 0 0 0 0 2 0 0 0 0 0 3 0 2 0 0 0 64 0 0 0 255 255 255 255 2 0 1 0 0 0 0 0 data 8 0x10002 0x209b5 0x50005 0x0 0x199402c0 0x209b5 0x0 0x0 oops 1